2025-06-13 00:46:43,296 - INFO - HTTP Request: GET https://dagshub.com/api/v1/user "HTTP/1.1 200 OK"
2025-06-13 00:46:43,302 - INFO - Accessing as agusprasetyo811
2025-06-13 00:46:43,705 - INFO - HTTP Request: GET https://dagshub.com/api/v1/repos/agusprasetyo811/kredit_pinjaman "HTTP/1.1 200 OK"
2025-06-13 00:46:44,077 - INFO - HTTP Request: GET https://dagshub.com/api/v1/user "HTTP/1.1 200 OK"
2025-06-13 00:46:44,079 - INFO - Initialized MLflow to track repo "agusprasetyo811/kredit_pinjaman"
2025-06-13 00:46:44,080 - INFO - Repository agusprasetyo811/kredit_pinjaman initialized!
2025-06-13 00:50:57,021 - INFO - Starting robust model optimization with business validation...
2025-06-13 00:50:57,022 - INFO - MLflow tracking: none
2025-06-13 00:50:57,022 - INFO - Business constraints:
2025-06-13 00:50:57,022 - INFO -   Target approval rate: 60.0%
2025-06-13 00:50:57,022 - INFO -   Min approval rate: 30.0%
2025-06-13 00:50:57,022 - INFO -   Max approval rate: 80.0%
2025-06-13 00:50:57,022 - INFO - Loading and validating data...
2025-06-13 00:50:57,056 - INFO - CLASS BALANCE ANALYSIS:
2025-06-13 00:50:57,056 - INFO -   Training approval rate: 0.430 (1031/2400)
2025-06-13 00:50:57,057 - INFO -   Test approval rate: 0.430 (258/600)
2025-06-13 00:50:57,057 - INFO - OPTIMAL CLASS WEIGHTS (targeting 60.0% approval):
2025-06-13 00:50:57,057 - INFO -   Class 0 (Reject): 1.000
2025-06-13 00:50:57,057 - INFO -   Class 1 (Approve): 0.667
2025-06-13 00:50:57,068 - INFO - Data loaded successfully:
2025-06-13 00:50:57,068 - INFO -   Training: 2400 samples, 17 features
2025-06-13 00:50:57,068 - INFO -   Testing: 600 samples
2025-06-13 00:50:57,068 - INFO -   Optimization split: 1920 train, 480 validation
2025-06-13 00:50:57,068 - INFO - Calculating baseline performance...
2025-06-13 00:50:57,068 - INFO -   Testing Default RF...
2025-06-13 00:50:58,152 - INFO - Business logic validation for Default RF...
2025-06-13 00:50:58,166 - INFO -   Default RF passes business logic validation
2025-06-13 00:50:58,166 - INFO -      Approval rate: 42.9%
2025-06-13 00:50:58,166 - INFO -     F1: 0.6507, Acc: 0.7083, CV: 0.6584
2025-06-13 00:50:58,166 - INFO -     Approval Rate: 42.9%
2025-06-13 00:50:58,166 - INFO -     Business Logic: PASS
2025-06-13 00:50:58,166 - INFO -   Testing Balanced RF...
2025-06-13 00:50:59,246 - INFO - Business logic validation for Balanced RF...
2025-06-13 00:50:59,261 - INFO -   Balanced RF passes business logic validation
2025-06-13 00:50:59,261 - INFO -      Approval rate: 42.9%
2025-06-13 00:50:59,261 - INFO -     F1: 0.6450, Acc: 0.7083, CV: 0.6646
2025-06-13 00:50:59,261 - INFO -     Approval Rate: 42.9%
2025-06-13 00:50:59,261 - INFO -     Business Logic: PASS
2025-06-13 00:50:59,261 - INFO -   Testing Optimal Weight RF...
2025-06-13 00:51:00,385 - INFO - Business logic validation for Optimal Weight RF...
2025-06-13 00:51:00,437 - INFO -   Optimal Weight RF passes business logic validation
2025-06-13 00:51:00,438 - INFO -      Approval rate: 42.9%
2025-06-13 00:51:00,438 - INFO -     F1: 0.6316, Acc: 0.6967, CV: 0.6728
2025-06-13 00:51:00,438 - INFO -     Approval Rate: 42.9%
2025-06-13 00:51:00,438 - INFO -     Business Logic: PASS
2025-06-13 00:51:00,439 - INFO - Selected Baseline: Default RF
2025-06-13 00:51:00,439 - INFO -   Test F1-Score: 0.6507
2025-06-13 00:51:00,439 - INFO -   Test Accuracy: 0.7083
2025-06-13 00:51:00,439 - INFO -   CV F1-Score: 0.6584
2025-06-13 00:51:00,439 - INFO -   Class Weight: None
2025-06-13 00:51:00,440 - INFO - Starting Random Forest optimization with business constraints...
2025-06-13 00:51:00,440 - INFO -   Strategy 1: Conservative Randomized Search...
2025-06-13 00:51:57,978 - INFO - Business logic validation for RF_RandomizedSearch...
2025-06-13 00:51:57,991 - INFO -   RF_RandomizedSearch passes business logic validation
2025-06-13 00:51:57,991 - INFO -      Approval rate: 45.6%
2025-06-13 00:51:57,992 - INFO -     Best CV F1: 0.6989
2025-06-13 00:51:57,992 - INFO -     Validation F1: 0.6682
2025-06-13 00:51:57,992 - INFO -     Approval Rate: 45.6%
2025-06-13 00:51:57,992 - INFO - Starting multi-model optimization with business constraints...
2025-06-13 00:51:57,992 - INFO -   Optimizing Gradient Boosting...
2025-06-13 00:52:59,700 - INFO - Business logic validation for Gradient Boosting...
2025-06-13 00:52:59,729 - INFO -   Gradient Boosting passes business logic validation
2025-06-13 00:52:59,730 - INFO -      Approval rate: 44.0%
2025-06-13 00:52:59,730 - INFO -     CV F1: 0.6424
2025-06-13 00:52:59,730 - INFO -     Val F1: 0.6283
2025-06-13 00:52:59,730 - INFO -     Approval Rate: 44.0%
2025-06-13 00:52:59,730 - INFO -   Optimizing Extra Trees...
2025-06-13 00:53:21,077 - INFO - Business logic validation for Extra Trees...
2025-06-13 00:53:21,120 - INFO -   Extra Trees passes business logic validation
2025-06-13 00:53:21,120 - INFO -      Approval rate: 45.2%
2025-06-13 00:53:21,120 - INFO -     CV F1: 0.6789
2025-06-13 00:53:21,120 - INFO -     Val F1: 0.6809
2025-06-13 00:53:21,120 - INFO -     Approval Rate: 45.2%
2025-06-13 00:53:21,120 - INFO -   Optimizing Logistic Regression...
2025-06-13 00:53:22,097 - INFO - Business logic validation for Logistic Regression...
2025-06-13 00:53:22,098 - INFO -   Logistic Regression passes business logic validation
2025-06-13 00:53:22,098 - INFO -      Approval rate: 47.1%
2025-06-13 00:53:22,098 - INFO -     CV F1: 0.6598
2025-06-13 00:53:22,098 - INFO -     Val F1: 0.6713
2025-06-13 00:53:22,098 - INFO -     Approval Rate: 47.1%
2025-06-13 00:53:22,098 - INFO - Evaluating all optimized models with business validation...
2025-06-13 00:53:22,098 - INFO - Test Set Evaluation (Business-Valid Models Only):
2025-06-13 00:53:22,099 - INFO - ------------------------------------------------------------------------------------------
2025-06-13 00:53:22,099 - INFO - Model                     Test F1    Test Acc   Approval%  Improvement 
2025-06-13 00:53:22,099 - INFO - ------------------------------------------------------------------------------------------
2025-06-13 00:53:22,115 - INFO - Business logic validation for RF_randomized_search_test...
2025-06-13 00:53:22,142 - INFO -   RF_randomized_search_test passes business logic validation
2025-06-13 00:53:22,142 - INFO -      Approval rate: 44.5%
2025-06-13 00:53:22,142 - INFO - RF_randomized_search      0.6629     0.7050     44.5%        +0.0122
2025-06-13 00:53:22,161 - INFO - Business logic validation for Gradient Boosting_test...
2025-06-13 00:53:22,174 - INFO -   Gradient Boosting_test passes business logic validation
2025-06-13 00:53:22,174 - INFO -      Approval rate: 40.5%
2025-06-13 00:53:22,175 - INFO - Gradient Boosting         0.6148     0.6783     40.5%        -0.0359
2025-06-13 00:53:22,204 - INFO - Business logic validation for Extra Trees_test...
2025-06-13 00:53:22,249 - INFO -   Extra Trees_test passes business logic validation
2025-06-13 00:53:22,249 - INFO -      Approval rate: 43.8%
2025-06-13 00:53:22,249 - INFO - Extra Trees               0.6296     0.6783     43.8%        -0.0211
2025-06-13 00:53:22,255 - INFO - Business logic validation for Logistic Regression_test...
2025-06-13 00:53:22,256 - INFO -   Logistic Regression_test passes business logic validation
2025-06-13 00:53:22,256 - INFO -      Approval rate: 46.0%
2025-06-13 00:53:22,256 - INFO - Logistic Regression       0.6292     0.6700     46.0%        -0.0215
2025-06-13 00:53:22,256 - INFO - ------------------------------------------------------------------------------------------
2025-06-13 00:53:22,256 - INFO - 
BEST BUSINESS-VALID MODEL: RF_randomized_search
2025-06-13 00:53:22,256 - INFO -   Test F1-Score: 0.6629
2025-06-13 00:53:22,256 - INFO -   Test Accuracy: 0.7050
2025-06-13 00:53:22,256 - INFO -   Test Precision: 0.6517
2025-06-13 00:53:22,256 - INFO -   Test Recall: 0.6744
2025-06-13 00:53:22,256 - INFO -   Test Approval Rate: 44.5%
2025-06-13 00:53:22,256 - INFO -   Improvement over baseline: +0.0122
2025-06-13 00:53:22,256 - INFO - Saving best model with business validation metadata...
2025-06-13 00:53:22,373 - INFO - Model saved: output/best_model.pkl
2025-06-13 00:53:22,374 - INFO - Model info saved: output/model_info_20250613_005322.txt
2025-06-13 00:53:22,375 - INFO - ======================================================================
2025-06-13 00:53:22,375 - INFO - ROBUST MODEL OPTIMIZATION COMPLETED SUCCESSFULLY!
2025-06-13 00:53:22,375 - INFO - ======================================================================
2025-06-13 00:53:22,375 - INFO - OPTIMIZATION SUMMARY:
2025-06-13 00:53:22,375 - INFO -   Baseline F1-Score: 0.6507
2025-06-13 00:53:22,375 - INFO -   Baseline Approval Rate: 42.9%
2025-06-13 00:53:22,375 - INFO -   Best F1-Score: 0.6629
2025-06-13 00:53:22,375 - INFO -   Best Approval Rate: 44.5%
2025-06-13 00:53:22,375 - INFO -   Total Improvement: +0.0122
2025-06-13 00:53:22,375 - INFO -   Best Model: RF_randomized_search
2025-06-13 00:53:22,375 - INFO -   MLflow Tracking: none
2025-06-13 00:53:22,376 - INFO - 
VALIDATION RESULTS:
2025-06-13 00:53:22,376 - INFO -   F1 Target (+0.025): NOT MET (+0.0122)
2025-06-13 00:53:22,376 - INFO -   Business Logic: VALID
2025-06-13 00:53:22,376 - INFO -   Approval Rate: HEALTHY (44.5%)
2025-06-13 00:53:22,376 - INFO - 
BUSINESS VALIDATION PASSED
2025-06-13 00:53:22,376 - INFO -    Model safe for production despite F1 target not fully met
