2025-06-13 00:12:25,306 - INFO - HTTP Request: GET https://dagshub.com/api/v1/user "HTTP/1.1 200 OK"
2025-06-13 00:12:25,314 - INFO - Accessing as agusprasetyo811
2025-06-13 00:12:25,742 - INFO - HTTP Request: GET https://dagshub.com/api/v1/repos/agusprasetyo811/kredit_pinjaman "HTTP/1.1 200 OK"
2025-06-13 00:12:26,121 - INFO - HTTP Request: GET https://dagshub.com/api/v1/user "HTTP/1.1 200 OK"
2025-06-13 00:12:26,124 - INFO - Initialized MLflow to track repo "agusprasetyo811/kredit_pinjaman"
2025-06-13 00:12:26,125 - INFO - Repository agusprasetyo811/kredit_pinjaman initialized!
2025-06-13 00:12:27,163 - INFO - Starting robust model optimization with business validation...
2025-06-13 00:12:27,163 - INFO - MLflow tracking: local
2025-06-13 00:12:27,163 - INFO - Business constraints:
2025-06-13 00:12:27,163 - INFO -   Target approval rate: 60.0%
2025-06-13 00:12:27,163 - INFO -   Min approval rate: 30.0%
2025-06-13 00:12:27,163 - INFO -   Max approval rate: 80.0%
2025-06-13 00:12:27,163 - INFO - Loading and validating data...
2025-06-13 00:12:27,176 - INFO - CLASS BALANCE ANALYSIS:
2025-06-13 00:12:27,176 - INFO -   Training approval rate: 0.430 (1031/2400)
2025-06-13 00:12:27,176 - INFO -   Test approval rate: 0.430 (258/600)
2025-06-13 00:12:27,176 - INFO - OPTIMAL CLASS WEIGHTS (targeting 60.0% approval):
2025-06-13 00:12:27,176 - INFO -   Class 0 (Reject): 1.000
2025-06-13 00:12:27,176 - INFO -   Class 1 (Approve): 0.667
2025-06-13 00:12:27,182 - INFO - Data loaded successfully:
2025-06-13 00:12:27,182 - INFO -   Training: 2400 samples, 17 features
2025-06-13 00:12:27,182 - INFO -   Testing: 600 samples
2025-06-13 00:12:27,182 - INFO -   Optimization split: 1920 train, 480 validation
2025-06-13 00:12:27,182 - INFO - Calculating baseline performance...
2025-06-13 00:12:27,182 - INFO -   Testing Default RF...
2025-06-13 00:12:28,207 - INFO - Business logic validation for Default RF...
2025-06-13 00:12:28,219 - INFO -   Default RF passes business logic validation
2025-06-13 00:12:28,219 - INFO -      Approval rate: 42.9%
2025-06-13 00:12:28,219 - INFO -     F1: 0.6507, Acc: 0.7083, CV: 0.6584
2025-06-13 00:12:28,219 - INFO -     Approval Rate: 42.9%
2025-06-13 00:12:28,219 - INFO -     Business Logic: PASS
2025-06-13 00:12:28,219 - INFO -   Testing Balanced RF...
2025-06-13 00:12:29,271 - INFO - Business logic validation for Balanced RF...
2025-06-13 00:12:29,284 - INFO -   Balanced RF passes business logic validation
2025-06-13 00:12:29,284 - INFO -      Approval rate: 42.9%
2025-06-13 00:12:29,284 - INFO -     F1: 0.6450, Acc: 0.7083, CV: 0.6646
2025-06-13 00:12:29,284 - INFO -     Approval Rate: 42.9%
2025-06-13 00:12:29,284 - INFO -     Business Logic: PASS
2025-06-13 00:12:29,284 - INFO -   Testing Optimal Weight RF...
2025-06-13 00:12:30,331 - INFO - Business logic validation for Optimal Weight RF...
2025-06-13 00:12:30,342 - INFO -   Optimal Weight RF passes business logic validation
2025-06-13 00:12:30,343 - INFO -      Approval rate: 42.9%
2025-06-13 00:12:30,343 - INFO -     F1: 0.6316, Acc: 0.6967, CV: 0.6728
2025-06-13 00:12:30,343 - INFO -     Approval Rate: 42.9%
2025-06-13 00:12:30,343 - INFO -     Business Logic: PASS
2025-06-13 00:12:30,343 - INFO - Selected Baseline: Default RF
2025-06-13 00:12:30,343 - INFO -   Test F1-Score: 0.6507
2025-06-13 00:12:30,343 - INFO -   Test Accuracy: 0.7083
2025-06-13 00:12:30,343 - INFO -   CV F1-Score: 0.6584
2025-06-13 00:12:30,343 - INFO -   Class Weight: None
2025-06-13 00:12:30,347 - ERROR - Error calculating baseline: Cannot start run with ID ff17cce01e62422ea8bd3e162274eecc because active run ID does not match environment run ID. Make sure --experiment-name or --experiment-id matches experiment set with set_experiment(), or just use command-line arguments
2025-06-13 00:12:30,348 - ERROR - Failed to calculate baseline. Exiting...
