2025-06-13 00:19:24,313 - INFO - HTTP Request: GET https://dagshub.com/api/v1/user "HTTP/1.1 200 OK"
2025-06-13 00:19:24,321 - INFO - Accessing as agusprasetyo811
2025-06-13 00:19:24,802 - INFO - HTTP Request: GET https://dagshub.com/api/v1/repos/agusprasetyo811/kredit_pinjaman "HTTP/1.1 200 OK"
2025-06-13 00:19:25,166 - INFO - HTTP Request: GET https://dagshub.com/api/v1/user "HTTP/1.1 200 OK"
2025-06-13 00:19:25,167 - INFO - Initialized MLflow to track repo "agusprasetyo811/kredit_pinjaman"
2025-06-13 00:19:25,168 - INFO - Repository agusprasetyo811/kredit_pinjaman initialized!
2025-06-13 00:20:30,361 - INFO - Starting robust model optimization with business validation...
2025-06-13 00:20:30,362 - INFO - MLflow tracking: none
2025-06-13 00:20:30,362 - INFO - Business constraints:
2025-06-13 00:20:30,362 - INFO -   Target approval rate: 60.0%
2025-06-13 00:20:30,362 - INFO -   Min approval rate: 30.0%
2025-06-13 00:20:30,362 - INFO -   Max approval rate: 80.0%
2025-06-13 00:20:30,362 - INFO - Loading and validating data...
2025-06-13 00:20:30,399 - INFO - CLASS BALANCE ANALYSIS:
2025-06-13 00:20:30,399 - INFO -   Training approval rate: 0.430 (1031/2400)
2025-06-13 00:20:30,399 - INFO -   Test approval rate: 0.430 (258/600)
2025-06-13 00:20:30,399 - INFO - OPTIMAL CLASS WEIGHTS (targeting 60.0% approval):
2025-06-13 00:20:30,399 - INFO -   Class 0 (Reject): 1.000
2025-06-13 00:20:30,399 - INFO -   Class 1 (Approve): 0.667
2025-06-13 00:20:30,414 - INFO - Data loaded successfully:
2025-06-13 00:20:30,414 - INFO -   Training: 2400 samples, 17 features
2025-06-13 00:20:30,414 - INFO -   Testing: 600 samples
2025-06-13 00:20:30,414 - INFO -   Optimization split: 1920 train, 480 validation
2025-06-13 00:20:30,414 - INFO - Calculating baseline performance...
2025-06-13 00:20:30,414 - INFO -   Testing Default RF...
2025-06-13 00:20:31,471 - INFO - Business logic validation for Default RF...
2025-06-13 00:20:31,485 - INFO -   Default RF passes business logic validation
2025-06-13 00:20:31,485 - INFO -      Approval rate: 42.9%
2025-06-13 00:20:31,485 - INFO -     F1: 0.6507, Acc: 0.7083, CV: 0.6584
2025-06-13 00:20:31,485 - INFO -     Approval Rate: 42.9%
2025-06-13 00:20:31,485 - INFO -     Business Logic: PASS
2025-06-13 00:20:31,485 - INFO -   Testing Balanced RF...
2025-06-13 00:20:32,545 - INFO - Business logic validation for Balanced RF...
2025-06-13 00:20:32,558 - INFO -   Balanced RF passes business logic validation
2025-06-13 00:20:32,558 - INFO -      Approval rate: 42.9%
2025-06-13 00:20:32,558 - INFO -     F1: 0.6450, Acc: 0.7083, CV: 0.6646
2025-06-13 00:20:32,558 - INFO -     Approval Rate: 42.9%
2025-06-13 00:20:32,558 - INFO -     Business Logic: PASS
2025-06-13 00:20:32,558 - INFO -   Testing Optimal Weight RF...
2025-06-13 00:20:33,620 - INFO - Business logic validation for Optimal Weight RF...
2025-06-13 00:20:33,632 - INFO -   Optimal Weight RF passes business logic validation
2025-06-13 00:20:33,632 - INFO -      Approval rate: 42.9%
2025-06-13 00:20:33,632 - INFO -     F1: 0.6316, Acc: 0.6967, CV: 0.6728
2025-06-13 00:20:33,632 - INFO -     Approval Rate: 42.9%
2025-06-13 00:20:33,632 - INFO -     Business Logic: PASS
2025-06-13 00:20:33,632 - INFO - Selected Baseline: Default RF
2025-06-13 00:20:33,632 - INFO -   Test F1-Score: 0.6507
2025-06-13 00:20:33,632 - INFO -   Test Accuracy: 0.7083
2025-06-13 00:20:33,632 - INFO -   CV F1-Score: 0.6584
2025-06-13 00:20:33,632 - INFO -   Class Weight: None
2025-06-13 00:20:33,635 - INFO - Starting Random Forest optimization with business constraints...
2025-06-13 00:20:33,635 - INFO -   Strategy 1: Conservative Randomized Search...
2025-06-13 00:21:27,674 - INFO - Business logic validation for RF_RandomizedSearch...
2025-06-13 00:21:27,685 - INFO -   RF_RandomizedSearch passes business logic validation
2025-06-13 00:21:27,685 - INFO -      Approval rate: 45.6%
2025-06-13 00:21:27,685 - INFO -     Best CV F1: 0.6989
2025-06-13 00:21:27,685 - INFO -     Validation F1: 0.6682
2025-06-13 00:21:27,685 - INFO -     Approval Rate: 45.6%
2025-06-13 00:21:27,685 - INFO - Starting multi-model optimization with business constraints...
2025-06-13 00:21:27,686 - INFO -   Optimizing Gradient Boosting...
2025-06-13 00:22:12,876 - INFO - Business logic validation for Gradient Boosting...
2025-06-13 00:22:12,882 - INFO -   Gradient Boosting passes business logic validation
2025-06-13 00:22:12,882 - INFO -      Approval rate: 44.0%
2025-06-13 00:22:12,883 - INFO -     CV F1: 0.6431
2025-06-13 00:22:12,883 - INFO -     Val F1: 0.6283
2025-06-13 00:22:12,883 - INFO -     Approval Rate: 44.0%
2025-06-13 00:22:12,883 - INFO -   Optimizing Extra Trees...
2025-06-13 00:22:26,071 - INFO - Business logic validation for Extra Trees...
2025-06-13 00:22:26,093 - INFO -   Extra Trees passes business logic validation
2025-06-13 00:22:26,093 - INFO -      Approval rate: 45.2%
2025-06-13 00:22:26,093 - INFO -     CV F1: 0.6789
2025-06-13 00:22:26,093 - INFO -     Val F1: 0.6809
2025-06-13 00:22:26,093 - INFO -     Approval Rate: 45.2%
2025-06-13 00:22:26,093 - INFO -   Optimizing Logistic Regression...
2025-06-13 00:22:26,736 - INFO - Business logic validation for Logistic Regression...
2025-06-13 00:22:26,736 - INFO -   Logistic Regression passes business logic validation
2025-06-13 00:22:26,737 - INFO -      Approval rate: 47.1%
2025-06-13 00:22:26,737 - INFO -     CV F1: 0.6598
2025-06-13 00:22:26,737 - INFO -     Val F1: 0.6713
2025-06-13 00:22:26,737 - INFO -     Approval Rate: 47.1%
2025-06-13 00:22:26,737 - INFO - Evaluating all optimized models with business validation...
2025-06-13 00:22:26,738 - INFO - Test Set Evaluation (Business-Valid Models Only):
2025-06-13 00:22:26,738 - INFO - ------------------------------------------------------------------------------------------
2025-06-13 00:22:26,738 - INFO - Model                     Test F1    Test Acc   Approval%  Improvement 
2025-06-13 00:22:26,738 - INFO - ------------------------------------------------------------------------------------------
2025-06-13 00:22:26,747 - INFO - Business logic validation for RF_randomized_search_test...
2025-06-13 00:22:26,758 - INFO -   RF_randomized_search_test passes business logic validation
2025-06-13 00:22:26,758 - INFO -      Approval rate: 44.5%
2025-06-13 00:22:26,758 - INFO - RF_randomized_search      0.6629     0.7050     44.5%        +0.0122
2025-06-13 00:22:26,764 - INFO - Business logic validation for Gradient Boosting_test...
2025-06-13 00:22:26,771 - INFO -   Gradient Boosting_test passes business logic validation
2025-06-13 00:22:26,771 - INFO -      Approval rate: 40.5%
2025-06-13 00:22:26,771 - INFO - Gradient Boosting         0.6148     0.6783     40.5%        -0.0359
2025-06-13 00:22:26,785 - INFO - Business logic validation for Extra Trees_test...
2025-06-13 00:22:26,809 - INFO -   Extra Trees_test passes business logic validation
2025-06-13 00:22:26,809 - INFO -      Approval rate: 43.8%
2025-06-13 00:22:26,809 - INFO - Extra Trees               0.6296     0.6783     43.8%        -0.0211
2025-06-13 00:22:26,812 - INFO - Business logic validation for Logistic Regression_test...
2025-06-13 00:22:26,812 - INFO -   Logistic Regression_test passes business logic validation
2025-06-13 00:22:26,812 - INFO -      Approval rate: 46.0%
2025-06-13 00:22:26,812 - INFO - Logistic Regression       0.6292     0.6700     46.0%        -0.0215
2025-06-13 00:22:26,812 - INFO - ------------------------------------------------------------------------------------------
2025-06-13 00:22:26,812 - INFO - 
BEST BUSINESS-VALID MODEL: RF_randomized_search
2025-06-13 00:22:26,812 - INFO -   Test F1-Score: 0.6629
2025-06-13 00:22:26,812 - INFO -   Test Accuracy: 0.7050
2025-06-13 00:22:26,812 - INFO -   Test Precision: 0.6517
2025-06-13 00:22:26,812 - INFO -   Test Recall: 0.6744
2025-06-13 00:22:26,812 - INFO -   Test Approval Rate: 44.5%
2025-06-13 00:22:26,812 - INFO -   Improvement over baseline: +0.0122
2025-06-13 00:22:26,812 - INFO - Saving best model with business validation metadata...
2025-06-13 00:22:26,845 - INFO - Model saved: output/best_model.pkl
2025-06-13 00:22:26,845 - INFO - Model info saved: output/model_info_20250613_002226.txt
2025-06-13 00:22:26,845 - INFO - ======================================================================
2025-06-13 00:22:26,845 - INFO - ROBUST MODEL OPTIMIZATION COMPLETED SUCCESSFULLY!
2025-06-13 00:22:26,845 - INFO - ======================================================================
2025-06-13 00:22:26,845 - INFO - OPTIMIZATION SUMMARY:
2025-06-13 00:22:26,845 - INFO -   Baseline F1-Score: 0.6507
2025-06-13 00:22:26,845 - INFO -   Baseline Approval Rate: 42.9%
2025-06-13 00:22:26,845 - INFO -   Best F1-Score: 0.6629
2025-06-13 00:22:26,845 - INFO -   Best Approval Rate: 44.5%
2025-06-13 00:22:26,845 - INFO -   Total Improvement: +0.0122
2025-06-13 00:22:26,845 - INFO -   Best Model: RF_randomized_search
2025-06-13 00:22:26,845 - INFO -   MLflow Tracking: none
2025-06-13 00:22:26,845 - INFO - 
VALIDATION RESULTS:
2025-06-13 00:22:26,845 - INFO -   F1 Target (+0.025): NOT MET (+0.0122)
2025-06-13 00:22:26,845 - INFO -   Business Logic: VALID
2025-06-13 00:22:26,845 - INFO -   Approval Rate: HEALTHY (44.5%)
2025-06-13 00:22:26,845 - INFO - 
BUSINESS VALIDATION PASSED
2025-06-13 00:22:26,845 - INFO -    Model safe for production despite F1 target not fully met
