2025-06-12 22:43:49,378 - INFO - Starting robust model optimization with business validation...
2025-06-12 22:43:49,379 - INFO - Business constraints:
2025-06-12 22:43:49,379 - INFO -   Target approval rate: 60.0%
2025-06-12 22:43:49,379 - INFO -   Min approval rate: 30.0%
2025-06-12 22:43:49,379 - INFO -   Max approval rate: 80.0%
2025-06-12 22:43:49,379 - INFO - Loading and validating data...
2025-06-12 22:43:49,408 - INFO - CLASS BALANCE ANALYSIS:
2025-06-12 22:43:49,408 - INFO -   Training approval rate: 0.430 (1031/2400)
2025-06-12 22:43:49,408 - INFO -   Test approval rate: 0.430 (258/600)
2025-06-12 22:43:49,408 - INFO - OPTIMAL CLASS WEIGHTS (targeting 60.0% approval):
2025-06-12 22:43:49,408 - INFO -   Class 0 (Reject): 1.000
2025-06-12 22:43:49,408 - INFO -   Class 1 (Approve): 0.667
2025-06-12 22:43:49,452 - INFO - Data loaded successfully:
2025-06-12 22:43:49,452 - INFO -   Training: 2400 samples, 17 features
2025-06-12 22:43:49,452 - INFO -   Testing: 600 samples
2025-06-12 22:43:49,452 - INFO -   Optimization split: 1920 train, 480 validation
2025-06-12 22:43:49,452 - INFO - Calculating baseline performance...
2025-06-12 22:43:49,452 - INFO -   Testing Default RF...
2025-06-12 22:43:50,536 - INFO - Business logic validation for Default RF...
2025-06-12 22:43:50,550 - INFO -   Default RF passes business logic validation
2025-06-12 22:43:50,550 - INFO -      Approval rate: 42.9%
2025-06-12 22:43:50,550 - INFO -     F1: 0.6507, Acc: 0.7083, CV: 0.6584
2025-06-12 22:43:50,550 - INFO -     Approval Rate: 42.9%
2025-06-12 22:43:50,550 - INFO -     Business Logic: PASS
2025-06-12 22:43:50,550 - INFO -   Testing Balanced RF...
2025-06-12 22:43:51,609 - INFO - Business logic validation for Balanced RF...
2025-06-12 22:43:51,623 - INFO -   Balanced RF passes business logic validation
2025-06-12 22:43:51,623 - INFO -      Approval rate: 42.9%
2025-06-12 22:43:51,623 - INFO -     F1: 0.6450, Acc: 0.7083, CV: 0.6646
2025-06-12 22:43:51,623 - INFO -     Approval Rate: 42.9%
2025-06-12 22:43:51,623 - INFO -     Business Logic: PASS
2025-06-12 22:43:51,623 - INFO -   Testing Optimal Weight RF...
2025-06-12 22:43:52,752 - INFO - Business logic validation for Optimal Weight RF...
2025-06-12 22:43:52,766 - INFO -   Optimal Weight RF passes business logic validation
2025-06-12 22:43:52,766 - INFO -      Approval rate: 42.9%
2025-06-12 22:43:52,766 - INFO -     F1: 0.6316, Acc: 0.6967, CV: 0.6728
2025-06-12 22:43:52,766 - INFO -     Approval Rate: 42.9%
2025-06-12 22:43:52,767 - INFO -     Business Logic: PASS
2025-06-12 22:43:52,767 - INFO - Selected Baseline: Default RF
2025-06-12 22:43:52,767 - INFO -   Test F1-Score: 0.6507
2025-06-12 22:43:52,767 - INFO -   Test Accuracy: 0.7083
2025-06-12 22:43:52,767 - INFO -   CV F1-Score: 0.6584
2025-06-12 22:43:52,767 - INFO -   Class Weight: None
2025-06-12 22:48:00,965 - ERROR - Error calculating baseline: API request to https://dagshub.com/agusprasetyo811/kredit_pinjaman.mlflow/api/2.0/mlflow/runs/get failed with exception HTTPSConnectionPool(host='dagshub.com', port=443): Max retries exceeded with url: /agusprasetyo811/kredit_pinjaman.mlflow/api/2.0/mlflow/runs/get?run_uuid=ef74fb7fd3a04bc4947771d1fa1ea588&run_id=ef74fb7fd3a04bc4947771d1fa1ea588 (Caused by ResponseError('too many 500 error responses'))
2025-06-12 22:48:00,988 - ERROR - Failed to calculate baseline. Exiting...
