2025-06-09 20:23:36,314 - INFO - Starting comprehensive model optimization...
2025-06-09 20:23:36,314 - INFO - Configuration: {'output_dir': 'MLProject/output/models', 'data_dir': 'final_dataset', 'random_state': 42, 'test_size': 0.2, 'cv_folds': 5, 'n_iter_random': 50, 'n_iter_optuna': 100, 'grid_search_iter': 200, 'target_improvement': 0.025, 'experiment_name': 'credit-approval-prediction', 'model_name': 'loan_model', 'dagshub_url': 'https://dagshub.com/agusprasetyo811/kredit_pinjaman', 'dagshub_username': 'agusprasetyo811', 'dagshub_token': '450db3dc7d0c8efb7006802b0edcd1c342edef8d'}
2025-06-09 20:23:36,314 - INFO - Loading and validating data...
2025-06-09 20:23:36,327 - INFO - Data loaded successfully:
2025-06-09 20:23:36,327 - INFO -   Training: 400 samples, 18 features
2025-06-09 20:23:36,327 - INFO -   Testing: 100 samples
2025-06-09 20:23:36,327 - INFO -   Optimization split: 320 train, 80 validation
2025-06-09 20:23:36,327 - INFO -   Target distribution - Train: [197 203], Test: [49 51]
2025-06-09 20:23:36,327 - INFO - Calculating baseline performance...
2025-06-09 20:23:36,721 - INFO - Baseline Performance (Random Forest default):
2025-06-09 20:23:36,721 - INFO -   Test F1-Score: 0.7447
2025-06-09 20:23:36,721 - INFO -   Test Accuracy: 0.7600
2025-06-09 20:23:36,721 - INFO -   CV F1-Score: 0.6987
2025-06-09 20:23:41,170 - INFO - Starting Random Forest optimization...
2025-06-09 20:23:41,171 - INFO -   Strategy 1: Comprehensive Randomized Search...
2025-06-09 20:24:10,252 - INFO -     ✓ Best CV F1: 0.7754
2025-06-09 20:24:10,252 - INFO -     ✓ Validation F1: 0.5806
2025-06-09 20:24:10,253 - INFO -     ✓ Time: 0.5 minutes
2025-06-09 20:24:23,066 - INFO -   Strategy 2: Bayesian Optimization (Optuna)...
2025-06-09 20:24:57,708 - INFO -     ✓ Best CV F1: 0.7680
2025-06-09 20:24:57,709 - INFO -     ✓ Validation F1: 0.6471
2025-06-09 20:24:57,713 - INFO -     ✓ Trials: 100
2025-06-09 20:25:07,521 - INFO - Starting multi-model optimization...
2025-06-09 20:25:07,522 - INFO -   Optimizing Gradient Boosting...
2025-06-09 20:25:16,621 - INFO -     ✓ CV F1: 0.7697
2025-06-09 20:25:16,621 - INFO -     ✓ Val F1: 0.6364
2025-06-09 20:25:16,621 - INFO -     ✓ Time: 0.2min
2025-06-09 20:25:26,054 - INFO -   Optimizing Extra Trees...
2025-06-09 20:25:30,848 - INFO -     ✓ CV F1: 0.7648
2025-06-09 20:25:30,848 - INFO -     ✓ Val F1: 0.5231
2025-06-09 20:25:30,848 - INFO -     ✓ Time: 0.1min
2025-06-09 20:25:41,481 - INFO -   Optimizing Logistic Regression...
2025-06-09 20:25:41,775 - INFO -     ✓ CV F1: 0.7127
2025-06-09 20:25:41,775 - INFO -     ✓ Val F1: 0.6329
2025-06-09 20:25:41,775 - INFO -     ✓ Time: 0.0min
2025-06-09 20:26:02,943 - INFO - Evaluating all optimized models...
2025-06-09 20:26:02,943 - INFO - Test Set Evaluation:
2025-06-09 20:26:02,943 - INFO - --------------------------------------------------------------------------------
2025-06-09 20:26:02,943 - INFO - Model                     Test F1    Test Acc   Improvement 
2025-06-09 20:26:02,943 - INFO - --------------------------------------------------------------------------------
2025-06-09 20:26:02,985 - INFO - RF_randomized_search      0.7727     0.8000        +0.0280
2025-06-09 20:26:02,996 - INFO - RF_optuna                 0.7579     0.7700        +0.0132
2025-06-09 20:26:03,001 - INFO - Gradient Boosting         0.7527     0.7700        +0.0080
2025-06-09 20:26:03,008 - INFO - Extra Trees               0.7391     0.7600        -0.0056
2025-06-09 20:26:03,011 - INFO - Logistic Regression       0.7619     0.7500        +0.0172
2025-06-09 20:26:03,012 - INFO - --------------------------------------------------------------------------------
2025-06-09 20:26:03,012 - INFO - 
BEST MODEL: RF_randomized_search
2025-06-09 20:26:03,012 - INFO -   Test F1-Score: 0.7727
2025-06-09 20:26:03,012 - INFO -   Test Accuracy: 0.8000
2025-06-09 20:26:03,012 - INFO -   Test Precision: 0.9189
2025-06-09 20:26:03,012 - INFO -   Test Recall: 0.6667
2025-06-09 20:26:03,012 - INFO -   Improvement over baseline: +0.0280
2025-06-09 20:26:03,012 - INFO - Saving best model...
2025-06-09 20:26:03,110 - INFO - Model saved: MLProject/output/models/best_loan_model_20250609_202603.pkl
2025-06-09 20:26:03,111 - INFO - Model info saved: MLProject/output/models/model_info_20250609_202603.txt
2025-06-09 20:26:24,966 - INFO - ======================================================================
2025-06-09 20:26:24,967 - INFO - MODEL OPTIMIZATION COMPLETED SUCCESSFULLY!
2025-06-09 20:26:24,967 - INFO - ======================================================================
2025-06-09 20:26:24,967 - INFO - OPTIMIZATION SUMMARY:
2025-06-09 20:26:24,967 - INFO -   Baseline F1-Score: 0.7447
2025-06-09 20:26:24,967 - INFO -   Best F1-Score: 0.7727
2025-06-09 20:26:24,967 - INFO -   Total Improvement: +0.0280
2025-06-09 20:26:24,967 - INFO -   Best Model: RF_randomized_search
2025-06-09 20:26:24,967 - INFO - 
TARGET ACHIEVEMENT:
2025-06-09 20:26:24,967 - INFO -   Target: +0.025 F1-Score improvement
2025-06-09 20:26:24,968 - INFO -   Achieved: +0.0280
2025-06-09 20:26:24,968 - INFO -   Status: ✅ TARGET MET!
