2025-06-13 00:16:25,907 - INFO - HTTP Request: GET https://dagshub.com/api/v1/user "HTTP/1.1 200 OK"
2025-06-13 00:16:25,919 - INFO - Accessing as agusprasetyo811
2025-06-13 00:16:26,339 - INFO - HTTP Request: GET https://dagshub.com/api/v1/repos/agusprasetyo811/kredit_pinjaman "HTTP/1.1 200 OK"
2025-06-13 00:16:26,762 - INFO - HTTP Request: GET https://dagshub.com/api/v1/user "HTTP/1.1 200 OK"
2025-06-13 00:16:26,763 - INFO - Initialized MLflow to track repo "agusprasetyo811/kredit_pinjaman"
2025-06-13 00:16:26,763 - INFO - Repository agusprasetyo811/kredit_pinjaman initialized!
2025-06-13 00:16:27,622 - INFO - Starting robust model optimization with business validation...
2025-06-13 00:16:27,622 - INFO - MLflow tracking: local
2025-06-13 00:16:27,622 - INFO - Business constraints:
2025-06-13 00:16:27,622 - INFO -   Target approval rate: 60.0%
2025-06-13 00:16:27,622 - INFO -   Min approval rate: 30.0%
2025-06-13 00:16:27,622 - INFO -   Max approval rate: 80.0%
2025-06-13 00:16:27,622 - INFO - Loading and validating data...
2025-06-13 00:16:27,640 - INFO - CLASS BALANCE ANALYSIS:
2025-06-13 00:16:27,640 - INFO -   Training approval rate: 0.430 (1031/2400)
2025-06-13 00:16:27,640 - INFO -   Test approval rate: 0.430 (258/600)
2025-06-13 00:16:27,640 - INFO - OPTIMAL CLASS WEIGHTS (targeting 60.0% approval):
2025-06-13 00:16:27,640 - INFO -   Class 0 (Reject): 1.000
2025-06-13 00:16:27,640 - INFO -   Class 1 (Approve): 0.667
2025-06-13 00:16:27,648 - INFO - Data loaded successfully:
2025-06-13 00:16:27,648 - INFO -   Training: 2400 samples, 17 features
2025-06-13 00:16:27,648 - INFO -   Testing: 600 samples
2025-06-13 00:16:27,648 - INFO -   Optimization split: 1920 train, 480 validation
2025-06-13 00:16:27,648 - INFO - Calculating baseline performance...
2025-06-13 00:16:27,648 - INFO -   Testing Default RF...
2025-06-13 00:16:28,658 - INFO - Business logic validation for Default RF...
2025-06-13 00:16:28,670 - INFO -   Default RF passes business logic validation
2025-06-13 00:16:28,670 - INFO -      Approval rate: 42.9%
2025-06-13 00:16:28,670 - INFO -     F1: 0.6507, Acc: 0.7083, CV: 0.6584
2025-06-13 00:16:28,670 - INFO -     Approval Rate: 42.9%
2025-06-13 00:16:28,670 - INFO -     Business Logic: PASS
2025-06-13 00:16:28,670 - INFO -   Testing Balanced RF...
2025-06-13 00:16:29,664 - INFO - Business logic validation for Balanced RF...
2025-06-13 00:16:29,675 - INFO -   Balanced RF passes business logic validation
2025-06-13 00:16:29,675 - INFO -      Approval rate: 42.9%
2025-06-13 00:16:29,675 - INFO -     F1: 0.6450, Acc: 0.7083, CV: 0.6646
2025-06-13 00:16:29,675 - INFO -     Approval Rate: 42.9%
2025-06-13 00:16:29,675 - INFO -     Business Logic: PASS
2025-06-13 00:16:29,675 - INFO -   Testing Optimal Weight RF...
2025-06-13 00:16:30,696 - INFO - Business logic validation for Optimal Weight RF...
2025-06-13 00:16:30,708 - INFO -   Optimal Weight RF passes business logic validation
2025-06-13 00:16:30,708 - INFO -      Approval rate: 42.9%
2025-06-13 00:16:30,708 - INFO -     F1: 0.6316, Acc: 0.6967, CV: 0.6728
2025-06-13 00:16:30,708 - INFO -     Approval Rate: 42.9%
2025-06-13 00:16:30,708 - INFO -     Business Logic: PASS
2025-06-13 00:16:30,708 - INFO - Selected Baseline: Default RF
2025-06-13 00:16:30,708 - INFO -   Test F1-Score: 0.6507
2025-06-13 00:16:30,708 - INFO -   Test Accuracy: 0.7083
2025-06-13 00:16:30,708 - INFO -   CV F1-Score: 0.6584
2025-06-13 00:16:30,708 - INFO -   Class Weight: None
2025-06-13 00:16:30,836 - INFO - Starting Random Forest optimization with business constraints...
2025-06-13 00:16:30,836 - INFO -   Strategy 1: Conservative Randomized Search...
2025-06-13 00:17:28,304 - INFO - Business logic validation for RF_RandomizedSearch...
2025-06-13 00:17:28,314 - INFO -   RF_RandomizedSearch passes business logic validation
2025-06-13 00:17:28,314 - INFO -      Approval rate: 45.6%
2025-06-13 00:17:28,314 - INFO -     Best CV F1: 0.6989
2025-06-13 00:17:28,314 - INFO -     Validation F1: 0.6682
2025-06-13 00:17:28,314 - INFO -     Approval Rate: 45.6%
2025-06-13 00:17:32,296 - INFO - Starting multi-model optimization with business constraints...
2025-06-13 00:17:32,300 - INFO -   Optimizing Gradient Boosting...
2025-06-13 00:18:14,347 - INFO - Business logic validation for Gradient Boosting...
2025-06-13 00:18:14,354 - INFO -   Gradient Boosting passes business logic validation
2025-06-13 00:18:14,354 - INFO -      Approval rate: 44.0%
2025-06-13 00:18:14,354 - INFO -     CV F1: 0.6424
2025-06-13 00:18:14,354 - INFO -     Val F1: 0.6283
2025-06-13 00:18:14,354 - INFO -     Approval Rate: 44.0%
2025-06-13 00:18:17,257 - INFO -   Optimizing Extra Trees...
2025-06-13 00:18:29,619 - INFO - Business logic validation for Extra Trees...
2025-06-13 00:18:29,641 - INFO -   Extra Trees passes business logic validation
2025-06-13 00:18:29,641 - INFO -      Approval rate: 45.2%
2025-06-13 00:18:29,642 - INFO -     CV F1: 0.6789
2025-06-13 00:18:29,642 - INFO -     Val F1: 0.6809
2025-06-13 00:18:29,642 - INFO -     Approval Rate: 45.2%
2025-06-13 00:18:32,024 - INFO -   Optimizing Logistic Regression...
2025-06-13 00:18:32,806 - INFO - Business logic validation for Logistic Regression...
2025-06-13 00:18:32,807 - INFO -   Logistic Regression passes business logic validation
2025-06-13 00:18:32,807 - INFO -      Approval rate: 47.1%
2025-06-13 00:18:32,807 - INFO -     CV F1: 0.6598
2025-06-13 00:18:32,807 - INFO -     Val F1: 0.6713
2025-06-13 00:18:32,807 - INFO -     Approval Rate: 47.1%
2025-06-13 00:18:36,093 - INFO - Evaluating all optimized models with business validation...
2025-06-13 00:18:36,093 - INFO - Test Set Evaluation (Business-Valid Models Only):
2025-06-13 00:18:36,093 - INFO - ------------------------------------------------------------------------------------------
2025-06-13 00:18:36,093 - INFO - Model                     Test F1    Test Acc   Approval%  Improvement 
2025-06-13 00:18:36,093 - INFO - ------------------------------------------------------------------------------------------
2025-06-13 00:18:36,105 - INFO - Business logic validation for RF_randomized_search_test...
2025-06-13 00:18:36,115 - INFO -   RF_randomized_search_test passes business logic validation
2025-06-13 00:18:36,115 - INFO -      Approval rate: 44.5%
2025-06-13 00:18:36,115 - INFO - RF_randomized_search      0.6629     0.7050     44.5%        +0.0122
2025-06-13 00:18:36,121 - INFO - Business logic validation for Gradient Boosting_test...
2025-06-13 00:18:36,126 - INFO -   Gradient Boosting_test passes business logic validation
2025-06-13 00:18:36,126 - INFO -      Approval rate: 40.5%
2025-06-13 00:18:36,126 - INFO - Gradient Boosting         0.6148     0.6783     40.5%        -0.0359
2025-06-13 00:18:36,143 - INFO - Business logic validation for Extra Trees_test...
2025-06-13 00:18:36,166 - INFO -   Extra Trees_test passes business logic validation
2025-06-13 00:18:36,166 - INFO -      Approval rate: 43.8%
2025-06-13 00:18:36,166 - INFO - Extra Trees               0.6296     0.6783     43.8%        -0.0211
2025-06-13 00:18:36,170 - INFO - Business logic validation for Logistic Regression_test...
2025-06-13 00:18:36,170 - INFO -   Logistic Regression_test passes business logic validation
2025-06-13 00:18:36,170 - INFO -      Approval rate: 46.0%
2025-06-13 00:18:36,170 - INFO - Logistic Regression       0.6292     0.6700     46.0%        -0.0215
2025-06-13 00:18:36,170 - INFO - ------------------------------------------------------------------------------------------
2025-06-13 00:18:36,170 - INFO - 
BEST BUSINESS-VALID MODEL: RF_randomized_search
2025-06-13 00:18:36,170 - INFO -   Test F1-Score: 0.6629
2025-06-13 00:18:36,170 - INFO -   Test Accuracy: 0.7050
2025-06-13 00:18:36,170 - INFO -   Test Precision: 0.6517
2025-06-13 00:18:36,170 - INFO -   Test Recall: 0.6744
2025-06-13 00:18:36,170 - INFO -   Test Approval Rate: 44.5%
2025-06-13 00:18:36,170 - INFO -   Improvement over baseline: +0.0122
2025-06-13 00:18:36,170 - INFO - Saving best model with business validation metadata...
2025-06-13 00:18:36,193 - INFO - Model saved: output/best_model.pkl
2025-06-13 00:18:36,193 - INFO - Model info saved: output/model_info_20250613_001836.txt
2025-06-13 00:18:38,113 - INFO - ======================================================================
2025-06-13 00:18:38,113 - INFO - ROBUST MODEL OPTIMIZATION COMPLETED SUCCESSFULLY!
2025-06-13 00:18:38,113 - INFO - ======================================================================
2025-06-13 00:18:38,113 - INFO - OPTIMIZATION SUMMARY:
2025-06-13 00:18:38,113 - INFO -   Baseline F1-Score: 0.6507
2025-06-13 00:18:38,113 - INFO -   Baseline Approval Rate: 42.9%
2025-06-13 00:18:38,113 - INFO -   Best F1-Score: 0.6629
2025-06-13 00:18:38,113 - INFO -   Best Approval Rate: 44.5%
2025-06-13 00:18:38,113 - INFO -   Total Improvement: +0.0122
2025-06-13 00:18:38,113 - INFO -   Best Model: RF_randomized_search
2025-06-13 00:18:38,113 - INFO -   MLflow Tracking: local
2025-06-13 00:18:38,113 - INFO - 
VALIDATION RESULTS:
2025-06-13 00:18:38,113 - INFO -   F1 Target (+0.025): NOT MET (+0.0122)
2025-06-13 00:18:38,113 - INFO -   Business Logic: VALID
2025-06-13 00:18:38,113 - INFO -   Approval Rate: HEALTHY (44.5%)
2025-06-13 00:18:38,113 - INFO - 
BUSINESS VALIDATION PASSED
2025-06-13 00:18:38,113 - INFO -    Model safe for production despite F1 target not fully met
