2025-06-12 23:56:48,871 - INFO - Starting robust model optimization with business validation...
2025-06-12 23:56:48,871 - INFO - MLflow tracking: local
2025-06-12 23:56:48,871 - INFO - Business constraints:
2025-06-12 23:56:48,871 - INFO -   Target approval rate: 60.0%
2025-06-12 23:56:48,871 - INFO -   Min approval rate: 30.0%
2025-06-12 23:56:48,871 - INFO -   Max approval rate: 80.0%
2025-06-12 23:56:48,871 - INFO - Loading and validating data...
2025-06-12 23:56:48,890 - INFO - CLASS BALANCE ANALYSIS:
2025-06-12 23:56:48,890 - INFO -   Training approval rate: 0.430 (1031/2400)
2025-06-12 23:56:48,890 - INFO -   Test approval rate: 0.430 (258/600)
2025-06-12 23:56:48,890 - INFO - OPTIMAL CLASS WEIGHTS (targeting 60.0% approval):
2025-06-12 23:56:48,890 - INFO -   Class 0 (Reject): 1.000
2025-06-12 23:56:48,890 - INFO -   Class 1 (Approve): 0.667
2025-06-12 23:56:48,897 - INFO - Data loaded successfully:
2025-06-12 23:56:48,897 - INFO -   Training: 2400 samples, 17 features
2025-06-12 23:56:48,897 - INFO -   Testing: 600 samples
2025-06-12 23:56:48,897 - INFO -   Optimization split: 1920 train, 480 validation
2025-06-12 23:56:48,897 - INFO - Calculating baseline performance...
2025-06-12 23:56:48,897 - INFO -   Testing Default RF...
2025-06-12 23:56:51,811 - INFO - Business logic validation for Default RF...
2025-06-12 23:56:51,852 - INFO -   Default RF passes business logic validation
2025-06-12 23:56:51,852 - INFO -      Approval rate: 42.9%
2025-06-12 23:56:51,853 - INFO -     F1: 0.6507, Acc: 0.7083, CV: 0.6584
2025-06-12 23:56:51,853 - INFO -     Approval Rate: 42.9%
2025-06-12 23:56:51,853 - INFO -     Business Logic: PASS
2025-06-12 23:56:51,853 - INFO -   Testing Balanced RF...
2025-06-12 23:56:54,519 - INFO - Business logic validation for Balanced RF...
2025-06-12 23:56:54,554 - INFO -   Balanced RF passes business logic validation
2025-06-12 23:56:54,555 - INFO -      Approval rate: 42.9%
2025-06-12 23:56:54,555 - INFO -     F1: 0.6450, Acc: 0.7083, CV: 0.6646
2025-06-12 23:56:54,555 - INFO -     Approval Rate: 42.9%
2025-06-12 23:56:54,555 - INFO -     Business Logic: PASS
2025-06-12 23:56:54,555 - INFO -   Testing Optimal Weight RF...
2025-06-12 23:57:00,110 - INFO - Business logic validation for Optimal Weight RF...
2025-06-12 23:57:00,257 - INFO -   Optimal Weight RF passes business logic validation
2025-06-12 23:57:00,257 - INFO -      Approval rate: 42.9%
2025-06-12 23:57:00,258 - INFO -     F1: 0.6316, Acc: 0.6967, CV: 0.6728
2025-06-12 23:57:00,258 - INFO -     Approval Rate: 42.9%
2025-06-12 23:57:00,258 - INFO -     Business Logic: PASS
2025-06-12 23:57:00,258 - INFO - Selected Baseline: Default RF
2025-06-12 23:57:00,258 - INFO -   Test F1-Score: 0.6507
2025-06-12 23:57:00,258 - INFO -   Test Accuracy: 0.7083
2025-06-12 23:57:00,258 - INFO -   CV F1-Score: 0.6584
2025-06-12 23:57:00,258 - INFO -   Class Weight: None
2025-06-12 23:57:00,281 - ERROR - Error calculating baseline: Cannot start run with ID a3e02226f9174828b5d1a93ca34eeab7 because active run ID does not match environment run ID. Make sure --experiment-name or --experiment-id matches experiment set with set_experiment(), or just use command-line arguments
2025-06-12 23:57:00,320 - ERROR - Failed to calculate baseline. Exiting...
