2025-06-09 23:08:32,457 - INFO - Starting robust model optimization with business validation...
2025-06-09 23:08:32,458 - INFO - Business constraints:
2025-06-09 23:08:32,458 - INFO -   Target approval rate: 60.0%
2025-06-09 23:08:32,458 - INFO -   Min approval rate: 30.0%
2025-06-09 23:08:32,458 - INFO -   Max approval rate: 80.0%
2025-06-09 23:08:32,458 - INFO - Loading and validating data...
2025-06-09 23:08:32,470 - INFO - 🎯 CLASS BALANCE ANALYSIS:
2025-06-09 23:08:32,470 - INFO -   Training approval rate: 0.430 (1031/2400)
2025-06-09 23:08:32,470 - INFO -   Test approval rate: 0.430 (258/600)
2025-06-09 23:08:32,470 - INFO - 📊 OPTIMAL CLASS WEIGHTS (targeting 60.0% approval):
2025-06-09 23:08:32,470 - INFO -   Class 0 (Reject): 1.000
2025-06-09 23:08:32,470 - INFO -   Class 1 (Approve): 0.667
2025-06-09 23:08:32,474 - INFO - Data loaded successfully:
2025-06-09 23:08:32,474 - INFO -   Training: 2400 samples, 17 features
2025-06-09 23:08:32,474 - INFO -   Testing: 600 samples
2025-06-09 23:08:32,474 - INFO -   Optimization split: 1920 train, 480 validation
2025-06-09 23:08:32,474 - INFO - Calculating baseline performance...
2025-06-09 23:08:32,474 - INFO -   Testing Default RF...
2025-06-09 23:08:33,531 - INFO - 🏦 Business logic validation for Default RF...
2025-06-09 23:08:33,544 - INFO -   ✅ Default RF passes business logic validation
2025-06-09 23:08:33,544 - INFO -      Approval rate: 42.9%
2025-06-09 23:08:33,544 - INFO -     F1: 0.6507, Acc: 0.7083, CV: 0.6584
2025-06-09 23:08:33,544 - INFO -     Approval Rate: 42.9%
2025-06-09 23:08:33,544 - INFO -     Business Logic: ✅ PASS
2025-06-09 23:08:33,544 - INFO -   Testing Balanced RF...
2025-06-09 23:08:34,599 - INFO - 🏦 Business logic validation for Balanced RF...
2025-06-09 23:08:34,612 - INFO -   ✅ Balanced RF passes business logic validation
2025-06-09 23:08:34,612 - INFO -      Approval rate: 42.9%
2025-06-09 23:08:34,613 - INFO -     F1: 0.6450, Acc: 0.7083, CV: 0.6646
2025-06-09 23:08:34,613 - INFO -     Approval Rate: 42.9%
2025-06-09 23:08:34,613 - INFO -     Business Logic: ✅ PASS
2025-06-09 23:08:34,613 - INFO -   Testing Optimal Weight RF...
2025-06-09 23:08:35,655 - INFO - 🏦 Business logic validation for Optimal Weight RF...
2025-06-09 23:08:35,669 - INFO -   ✅ Optimal Weight RF passes business logic validation
2025-06-09 23:08:35,669 - INFO -      Approval rate: 42.9%
2025-06-09 23:08:35,669 - INFO -     F1: 0.6316, Acc: 0.6967, CV: 0.6728
2025-06-09 23:08:35,669 - INFO -     Approval Rate: 42.9%
2025-06-09 23:08:35,669 - INFO -     Business Logic: ✅ PASS
2025-06-09 23:08:35,669 - INFO - 🏆 Selected Baseline: Default RF
2025-06-09 23:08:35,669 - INFO -   Test F1-Score: 0.6507
2025-06-09 23:08:35,669 - INFO -   Test Accuracy: 0.7083
2025-06-09 23:08:35,669 - INFO -   CV F1-Score: 0.6584
2025-06-09 23:08:35,669 - INFO -   Class Weight: None
2025-06-09 23:08:43,067 - INFO - Starting Random Forest optimization with business constraints...
2025-06-09 23:08:43,068 - INFO -   Strategy 1: Conservative Randomized Search...
2025-06-09 23:09:39,616 - INFO - 🏦 Business logic validation for RF_RandomizedSearch...
2025-06-09 23:09:39,631 - INFO -   ✅ RF_RandomizedSearch passes business logic validation
2025-06-09 23:09:39,631 - INFO -      Approval rate: 45.6%
2025-06-09 23:09:39,631 - INFO -     ✅ Best CV F1: 0.6989
2025-06-09 23:09:39,631 - INFO -     ✅ Validation F1: 0.6682
2025-06-09 23:09:39,631 - INFO -     ✅ Approval Rate: 45.6%
2025-06-09 23:09:52,173 - INFO -   Strategy 2: Business-Constrained Optuna Optimization...
2025-06-09 23:12:15,794 - INFO - 🏦 Business logic validation for RF_Optuna...
2025-06-09 23:12:15,813 - INFO -   ✅ RF_Optuna passes business logic validation
2025-06-09 23:12:15,813 - INFO -      Approval rate: 46.5%
2025-06-09 23:12:15,814 - INFO -     ✅ Best CV F1: 0.6974
2025-06-09 23:12:15,814 - INFO -     ✅ Validation F1: 0.6667
2025-06-09 23:12:15,814 - INFO -     ✅ Approval Rate: 46.5%
2025-06-09 23:12:29,154 - INFO - Starting multi-model optimization with business constraints...
2025-06-09 23:12:29,156 - INFO -   Optimizing Gradient Boosting...
2025-06-09 23:13:11,697 - INFO - 🏦 Business logic validation for Gradient Boosting...
2025-06-09 23:13:11,702 - INFO -   ✅ Gradient Boosting passes business logic validation
2025-06-09 23:13:11,702 - INFO -      Approval rate: 44.0%
2025-06-09 23:13:11,702 - INFO -     ✅ CV F1: 0.6424
2025-06-09 23:13:11,702 - INFO -     ✅ Val F1: 0.6283
2025-06-09 23:13:11,702 - INFO -     ✅ Approval Rate: 44.0%
2025-06-09 23:13:22,102 - INFO -   Optimizing Extra Trees...
2025-06-09 23:13:36,523 - INFO - 🏦 Business logic validation for Extra Trees...
2025-06-09 23:13:36,550 - INFO -   ✅ Extra Trees passes business logic validation
2025-06-09 23:13:36,550 - INFO -      Approval rate: 45.2%
2025-06-09 23:13:36,550 - INFO -     ✅ CV F1: 0.6789
2025-06-09 23:13:36,551 - INFO -     ✅ Val F1: 0.6809
2025-06-09 23:13:36,551 - INFO -     ✅ Approval Rate: 45.2%
2025-06-09 23:13:58,217 - INFO -   Optimizing Logistic Regression...
2025-06-09 23:13:58,940 - INFO - 🏦 Business logic validation for Logistic Regression...
2025-06-09 23:13:58,940 - INFO -   ✅ Logistic Regression passes business logic validation
2025-06-09 23:13:58,940 - INFO -      Approval rate: 47.1%
2025-06-09 23:13:58,941 - INFO -     ✅ CV F1: 0.6598
2025-06-09 23:13:58,941 - INFO -     ✅ Val F1: 0.6713
2025-06-09 23:13:58,941 - INFO -     ✅ Approval Rate: 47.1%
2025-06-09 23:14:14,015 - INFO - Evaluating all optimized models with business validation...
2025-06-09 23:14:14,016 - INFO - Test Set Evaluation (Business-Valid Models Only):
2025-06-09 23:14:14,016 - INFO - ------------------------------------------------------------------------------------------
2025-06-09 23:14:14,016 - INFO - Model                     Test F1    Test Acc   Approval%  Improvement 
2025-06-09 23:14:14,016 - INFO - ------------------------------------------------------------------------------------------
2025-06-09 23:14:14,038 - INFO - 🏦 Business logic validation for RF_randomized_search_test...
2025-06-09 23:14:14,053 - INFO -   ✅ RF_randomized_search_test passes business logic validation
2025-06-09 23:14:14,053 - INFO -      Approval rate: 44.5%
2025-06-09 23:14:14,053 - INFO - RF_randomized_search      0.6629     0.7050     44.5%        +0.0122
2025-06-09 23:14:14,066 - INFO - 🏦 Business logic validation for RF_optuna_test...
2025-06-09 23:14:14,082 - INFO -   ✅ RF_optuna_test passes business logic validation
2025-06-09 23:14:14,082 - INFO -      Approval rate: 45.3%
2025-06-09 23:14:14,082 - INFO - RF_optuna                 0.6755     0.7133     45.3%        +0.0248
2025-06-09 23:14:14,088 - INFO - 🏦 Business logic validation for Gradient Boosting_test...
2025-06-09 23:14:14,092 - INFO -   ✅ Gradient Boosting_test passes business logic validation
2025-06-09 23:14:14,093 - INFO -      Approval rate: 40.5%
2025-06-09 23:14:14,093 - INFO - Gradient Boosting         0.6148     0.6783     40.5%        -0.0359
2025-06-09 23:14:14,112 - INFO - 🏦 Business logic validation for Extra Trees_test...
2025-06-09 23:14:14,139 - INFO -   ✅ Extra Trees_test passes business logic validation
2025-06-09 23:14:14,139 - INFO -      Approval rate: 43.8%
2025-06-09 23:14:14,139 - INFO - Extra Trees               0.6296     0.6783     43.8%        -0.0211
2025-06-09 23:14:14,144 - INFO - 🏦 Business logic validation for Logistic Regression_test...
2025-06-09 23:14:14,144 - INFO -   ✅ Logistic Regression_test passes business logic validation
2025-06-09 23:14:14,144 - INFO -      Approval rate: 46.0%
2025-06-09 23:14:14,144 - INFO - Logistic Regression       0.6292     0.6700     46.0%        -0.0215
2025-06-09 23:14:14,144 - INFO - ------------------------------------------------------------------------------------------
2025-06-09 23:14:14,144 - INFO - 
🏆 BEST BUSINESS-VALID MODEL: RF_optuna
2025-06-09 23:14:14,144 - INFO -   Test F1-Score: 0.6755
2025-06-09 23:14:14,144 - INFO -   Test Accuracy: 0.7133
2025-06-09 23:14:14,144 - INFO -   Test Precision: 0.6581
2025-06-09 23:14:14,145 - INFO -   Test Recall: 0.6938
2025-06-09 23:14:14,145 - INFO -   Test Approval Rate: 45.3%
2025-06-09 23:14:14,145 - INFO -   Improvement over baseline: +0.0248
2025-06-09 23:14:14,145 - INFO - Saving best model with business validation metadata...
2025-06-09 23:14:14,173 - INFO - Model saved: MLProject/output/models/best_loan_model_20250609_231414.pkl
2025-06-09 23:14:14,173 - INFO - Model info saved: MLProject/output/models/model_info_20250609_231414.txt
2025-06-09 23:14:38,995 - INFO - ======================================================================
2025-06-09 23:14:38,995 - INFO - ROBUST MODEL OPTIMIZATION COMPLETED SUCCESSFULLY!
2025-06-09 23:14:38,995 - INFO - ======================================================================
2025-06-09 23:14:38,995 - INFO - OPTIMIZATION SUMMARY:
2025-06-09 23:14:38,995 - INFO -   Baseline F1-Score: 0.6507
2025-06-09 23:14:38,995 - INFO -   Baseline Approval Rate: 42.9%
2025-06-09 23:14:38,995 - INFO -   Best F1-Score: 0.6755
2025-06-09 23:14:38,995 - INFO -   Best Approval Rate: 45.3%
2025-06-09 23:14:38,995 - INFO -   Total Improvement: +0.0248
2025-06-09 23:14:38,995 - INFO -   Best Model: RF_optuna
2025-06-09 23:14:38,995 - INFO - 
VALIDATION RESULTS:
2025-06-09 23:14:38,995 - INFO -   F1 Target (+0.025): ❌ NOT MET (+0.0248)
2025-06-09 23:14:38,995 - INFO -   Business Logic: ✅ VALID
2025-06-09 23:14:38,995 - INFO -   Approval Rate: ✅ HEALTHY (45.3%)
2025-06-09 23:14:38,995 - INFO - 
✅ BUSINESS VALIDATION PASSED
2025-06-09 23:14:38,995 - INFO -    Model safe for production despite F1 target not fully met
