2025-06-13 00:02:23,307 - INFO - Starting robust model optimization with business validation...
2025-06-13 00:02:23,307 - INFO - MLflow tracking: local
2025-06-13 00:02:23,307 - INFO - Business constraints:
2025-06-13 00:02:23,307 - INFO -   Target approval rate: 60.0%
2025-06-13 00:02:23,307 - INFO -   Min approval rate: 30.0%
2025-06-13 00:02:23,307 - INFO -   Max approval rate: 80.0%
2025-06-13 00:02:23,307 - INFO - Loading and validating data...
2025-06-13 00:02:23,331 - INFO - CLASS BALANCE ANALYSIS:
2025-06-13 00:02:23,331 - INFO -   Training approval rate: 0.430 (1031/2400)
2025-06-13 00:02:23,331 - INFO -   Test approval rate: 0.430 (258/600)
2025-06-13 00:02:23,331 - INFO - OPTIMAL CLASS WEIGHTS (targeting 60.0% approval):
2025-06-13 00:02:23,331 - INFO -   Class 0 (Reject): 1.000
2025-06-13 00:02:23,331 - INFO -   Class 1 (Approve): 0.667
2025-06-13 00:02:23,340 - INFO - Data loaded successfully:
2025-06-13 00:02:23,340 - INFO -   Training: 2400 samples, 17 features
2025-06-13 00:02:23,340 - INFO -   Testing: 600 samples
2025-06-13 00:02:23,340 - INFO -   Optimization split: 1920 train, 480 validation
2025-06-13 00:02:23,340 - INFO - Calculating baseline performance...
2025-06-13 00:02:23,340 - INFO -   Testing Default RF...
2025-06-13 00:02:24,379 - INFO - Business logic validation for Default RF...
2025-06-13 00:02:24,391 - INFO -   Default RF passes business logic validation
2025-06-13 00:02:24,391 - INFO -      Approval rate: 42.9%
2025-06-13 00:02:24,391 - INFO -     F1: 0.6507, Acc: 0.7083, CV: 0.6584
2025-06-13 00:02:24,391 - INFO -     Approval Rate: 42.9%
2025-06-13 00:02:24,391 - INFO -     Business Logic: PASS
2025-06-13 00:02:24,391 - INFO -   Testing Balanced RF...
2025-06-13 00:02:25,446 - INFO - Business logic validation for Balanced RF...
2025-06-13 00:02:25,457 - INFO -   Balanced RF passes business logic validation
2025-06-13 00:02:25,458 - INFO -      Approval rate: 42.9%
2025-06-13 00:02:25,458 - INFO -     F1: 0.6450, Acc: 0.7083, CV: 0.6646
2025-06-13 00:02:25,458 - INFO -     Approval Rate: 42.9%
2025-06-13 00:02:25,458 - INFO -     Business Logic: PASS
2025-06-13 00:02:25,458 - INFO -   Testing Optimal Weight RF...
2025-06-13 00:02:26,495 - INFO - Business logic validation for Optimal Weight RF...
2025-06-13 00:02:26,507 - INFO -   Optimal Weight RF passes business logic validation
2025-06-13 00:02:26,507 - INFO -      Approval rate: 42.9%
2025-06-13 00:02:26,507 - INFO -     F1: 0.6316, Acc: 0.6967, CV: 0.6728
2025-06-13 00:02:26,507 - INFO -     Approval Rate: 42.9%
2025-06-13 00:02:26,507 - INFO -     Business Logic: PASS
2025-06-13 00:02:26,507 - INFO - Selected Baseline: Default RF
2025-06-13 00:02:26,507 - INFO -   Test F1-Score: 0.6507
2025-06-13 00:02:26,507 - INFO -   Test Accuracy: 0.7083
2025-06-13 00:02:26,507 - INFO -   CV F1-Score: 0.6584
2025-06-13 00:02:26,507 - INFO -   Class Weight: None
2025-06-13 00:02:26,510 - ERROR - Error calculating baseline: Cannot start run with ID 580e2d9c260a4584bb0775b18a3dc74c because active run ID does not match environment run ID. Make sure --experiment-name or --experiment-id matches experiment set with set_experiment(), or just use command-line arguments
2025-06-13 00:02:26,511 - ERROR - Failed to calculate baseline. Exiting...
