2025-06-13 00:25:05,703 - INFO - HTTP Request: GET https://dagshub.com/api/v1/user "HTTP/1.1 200 OK"
2025-06-13 00:25:05,706 - INFO - Accessing as agusprasetyo811
2025-06-13 00:25:06,101 - INFO - HTTP Request: GET https://dagshub.com/api/v1/repos/agusprasetyo811/kredit_pinjaman "HTTP/1.1 200 OK"
2025-06-13 00:25:06,465 - INFO - HTTP Request: GET https://dagshub.com/api/v1/user "HTTP/1.1 200 OK"
2025-06-13 00:25:06,466 - INFO - Initialized MLflow to track repo "agusprasetyo811/kredit_pinjaman"
2025-06-13 00:25:06,466 - INFO - Repository agusprasetyo811/kredit_pinjaman initialized!
2025-06-13 00:25:07,458 - INFO - Starting robust model optimization with business validation...
2025-06-13 00:25:07,458 - INFO - MLflow tracking: local
2025-06-13 00:25:07,458 - INFO - Business constraints:
2025-06-13 00:25:07,458 - INFO -   Target approval rate: 60.0%
2025-06-13 00:25:07,458 - INFO -   Min approval rate: 30.0%
2025-06-13 00:25:07,458 - INFO -   Max approval rate: 80.0%
2025-06-13 00:25:07,458 - INFO - Loading and validating data...
2025-06-13 00:25:07,477 - INFO - CLASS BALANCE ANALYSIS:
2025-06-13 00:25:07,477 - INFO -   Training approval rate: 0.430 (1031/2400)
2025-06-13 00:25:07,477 - INFO -   Test approval rate: 0.430 (258/600)
2025-06-13 00:25:07,477 - INFO - OPTIMAL CLASS WEIGHTS (targeting 60.0% approval):
2025-06-13 00:25:07,477 - INFO -   Class 0 (Reject): 1.000
2025-06-13 00:25:07,477 - INFO -   Class 1 (Approve): 0.667
2025-06-13 00:25:07,487 - INFO - Data loaded successfully:
2025-06-13 00:25:07,487 - INFO -   Training: 2400 samples, 17 features
2025-06-13 00:25:07,487 - INFO -   Testing: 600 samples
2025-06-13 00:25:07,487 - INFO -   Optimization split: 1920 train, 480 validation
2025-06-13 00:25:07,487 - INFO - Calculating baseline performance...
2025-06-13 00:25:07,487 - INFO -   Testing Default RF...
2025-06-13 00:25:08,542 - INFO - Business logic validation for Default RF...
2025-06-13 00:25:08,555 - INFO -   Default RF passes business logic validation
2025-06-13 00:25:08,555 - INFO -      Approval rate: 42.9%
2025-06-13 00:25:08,555 - INFO -     F1: 0.6507, Acc: 0.7083, CV: 0.6584
2025-06-13 00:25:08,555 - INFO -     Approval Rate: 42.9%
2025-06-13 00:25:08,555 - INFO -     Business Logic: PASS
2025-06-13 00:25:08,555 - INFO -   Testing Balanced RF...
2025-06-13 00:25:09,590 - INFO - Business logic validation for Balanced RF...
2025-06-13 00:25:09,602 - INFO -   Balanced RF passes business logic validation
2025-06-13 00:25:09,603 - INFO -      Approval rate: 42.9%
2025-06-13 00:25:09,603 - INFO -     F1: 0.6450, Acc: 0.7083, CV: 0.6646
2025-06-13 00:25:09,603 - INFO -     Approval Rate: 42.9%
2025-06-13 00:25:09,603 - INFO -     Business Logic: PASS
2025-06-13 00:25:09,603 - INFO -   Testing Optimal Weight RF...
2025-06-13 00:25:10,655 - INFO - Business logic validation for Optimal Weight RF...
2025-06-13 00:25:10,667 - INFO -   Optimal Weight RF passes business logic validation
2025-06-13 00:25:10,667 - INFO -      Approval rate: 42.9%
2025-06-13 00:25:10,667 - INFO -     F1: 0.6316, Acc: 0.6967, CV: 0.6728
2025-06-13 00:25:10,667 - INFO -     Approval Rate: 42.9%
2025-06-13 00:25:10,667 - INFO -     Business Logic: PASS
2025-06-13 00:25:10,667 - INFO - Selected Baseline: Default RF
2025-06-13 00:25:10,667 - INFO -   Test F1-Score: 0.6507
2025-06-13 00:25:10,667 - INFO -   Test Accuracy: 0.7083
2025-06-13 00:25:10,667 - INFO -   CV F1-Score: 0.6584
2025-06-13 00:25:10,667 - INFO -   Class Weight: None
2025-06-13 00:25:10,669 - ERROR - Error calculating baseline: Cannot start run with ID 4197433b62e743989f36101862d4c5d2 because active run ID does not match environment run ID. Make sure --experiment-name or --experiment-id matches experiment set with set_experiment(), or just use command-line arguments
2025-06-13 00:25:10,670 - ERROR - Failed to calculate baseline. Exiting...
