2025-06-12 22:20:17,610 - INFO - Starting robust model optimization with business validation...
2025-06-12 22:20:17,610 - INFO - Business constraints:
2025-06-12 22:20:17,610 - INFO -   Target approval rate: 60.0%
2025-06-12 22:20:17,610 - INFO -   Min approval rate: 30.0%
2025-06-12 22:20:17,610 - INFO -   Max approval rate: 80.0%
2025-06-12 22:20:17,610 - INFO - Loading and validating data...
2025-06-12 22:20:17,625 - INFO - CLASS BALANCE ANALYSIS:
2025-06-12 22:20:17,625 - INFO -   Training approval rate: 0.430 (1031/2400)
2025-06-12 22:20:17,625 - INFO -   Test approval rate: 0.430 (258/600)
2025-06-12 22:20:17,625 - INFO - OPTIMAL CLASS WEIGHTS (targeting 60.0% approval):
2025-06-12 22:20:17,625 - INFO -   Class 0 (Reject): 1.000
2025-06-12 22:20:17,625 - INFO -   Class 1 (Approve): 0.667
2025-06-12 22:20:17,630 - INFO - Data loaded successfully:
2025-06-12 22:20:17,631 - INFO -   Training: 2400 samples, 17 features
2025-06-12 22:20:17,631 - INFO -   Testing: 600 samples
2025-06-12 22:20:17,631 - INFO -   Optimization split: 1920 train, 480 validation
2025-06-12 22:20:17,631 - INFO - Calculating baseline performance...
2025-06-12 22:20:17,631 - INFO -   Testing Default RF...
2025-06-12 22:20:18,748 - INFO - Business logic validation for Default RF...
2025-06-12 22:20:18,762 - INFO -   Default RF passes business logic validation
2025-06-12 22:20:18,762 - INFO -      Approval rate: 42.9%
2025-06-12 22:20:18,762 - INFO -     F1: 0.6507, Acc: 0.7083, CV: 0.6584
2025-06-12 22:20:18,762 - INFO -     Approval Rate: 42.9%
2025-06-12 22:20:18,762 - INFO -     Business Logic: PASS
2025-06-12 22:20:18,762 - INFO -   Testing Balanced RF...
2025-06-12 22:20:19,839 - INFO - Business logic validation for Balanced RF...
2025-06-12 22:20:19,856 - INFO -   Balanced RF passes business logic validation
2025-06-12 22:20:19,856 - INFO -      Approval rate: 42.9%
2025-06-12 22:20:19,856 - INFO -     F1: 0.6450, Acc: 0.7083, CV: 0.6646
2025-06-12 22:20:19,856 - INFO -     Approval Rate: 42.9%
2025-06-12 22:20:19,856 - INFO -     Business Logic: PASS
2025-06-12 22:20:19,856 - INFO -   Testing Optimal Weight RF...
2025-06-12 22:20:20,932 - INFO - Business logic validation for Optimal Weight RF...
2025-06-12 22:20:20,947 - INFO -   Optimal Weight RF passes business logic validation
2025-06-12 22:20:20,947 - INFO -      Approval rate: 42.9%
2025-06-12 22:20:20,947 - INFO -     F1: 0.6316, Acc: 0.6967, CV: 0.6728
2025-06-12 22:20:20,947 - INFO -     Approval Rate: 42.9%
2025-06-12 22:20:20,947 - INFO -     Business Logic: PASS
2025-06-12 22:20:20,947 - INFO - Selected Baseline: Default RF
2025-06-12 22:20:20,947 - INFO -   Test F1-Score: 0.6507
2025-06-12 22:20:20,947 - INFO -   Test Accuracy: 0.7083
2025-06-12 22:20:20,947 - INFO -   CV F1-Score: 0.6584
2025-06-12 22:20:20,947 - INFO -   Class Weight: None
2025-06-12 22:24:31,085 - ERROR - Error calculating baseline: API request to https://dagshub.com/agusprasetyo811/kredit_pinjaman.mlflow/api/2.0/mlflow/runs/get failed with exception HTTPSConnectionPool(host='dagshub.com', port=443): Max retries exceeded with url: /agusprasetyo811/kredit_pinjaman.mlflow/api/2.0/mlflow/runs/get?run_uuid=04082afc14b4423a8900e73df5275474&run_id=04082afc14b4423a8900e73df5275474 (Caused by ResponseError('too many 500 error responses'))
2025-06-12 22:24:31,115 - ERROR - Failed to calculate baseline. Exiting...
