2025-06-09 22:13:41,443 - INFO - Starting comprehensive model optimization...
2025-06-09 22:13:41,443 - INFO - Configuration: {'output_dir': 'MLProject/output/models', 'data_dir': 'final_dataset', 'random_state': 42, 'test_size': 0.2, 'cv_folds': 5, 'n_iter_random': 50, 'n_iter_optuna': 100, 'grid_search_iter': 200, 'target_improvement': 0.025, 'experiment_name': 'credit-approval-prediction', 'model_name': 'loan_model', 'dagshub_url': 'https://dagshub.com/agusprasetyo811/kredit_pinjaman', 'dagshub_username': 'agusprasetyo811', 'dagshub_token': '450db3dc7d0c8efb7006802b0edcd1c342edef8d'}
2025-06-09 22:13:41,443 - INFO - Loading and validating data...
2025-06-09 22:13:41,453 - INFO - Data loaded successfully:
2025-06-09 22:13:41,453 - INFO -   Training: 2400 samples, 17 features
2025-06-09 22:13:41,453 - INFO -   Testing: 600 samples
2025-06-09 22:13:41,453 - INFO -   Optimization split: 1920 train, 480 validation
2025-06-09 22:13:41,454 - INFO -   Target distribution - Train: [1369 1031], Test: [342 258]
2025-06-09 22:13:41,454 - INFO - Calculating baseline performance...
2025-06-09 22:13:42,482 - INFO - Baseline Performance (Random Forest default):
2025-06-09 22:13:42,482 - INFO -   Test F1-Score: 0.6507
2025-06-09 22:13:42,482 - INFO -   Test Accuracy: 0.7083
2025-06-09 22:13:42,482 - INFO -   CV F1-Score: 0.6584
2025-06-09 22:13:47,189 - INFO - Starting Random Forest optimization...
2025-06-09 22:13:47,190 - INFO -   Strategy 1: Comprehensive Randomized Search...
2025-06-09 22:15:09,763 - INFO -     ✓ Best CV F1: 0.7019
2025-06-09 22:15:09,764 - INFO -     ✓ Validation F1: 0.6729
2025-06-09 22:15:09,764 - INFO -     ✓ Time: 1.4 minutes
2025-06-09 22:15:20,333 - INFO -   Strategy 2: Bayesian Optimization (Optuna)...
2025-06-09 22:17:18,631 - INFO -     ✓ Best CV F1: 0.7082
2025-06-09 22:17:18,631 - INFO -     ✓ Validation F1: 0.6869
2025-06-09 22:17:18,636 - INFO -     ✓ Trials: 100
2025-06-09 22:17:29,040 - INFO - Starting multi-model optimization...
2025-06-09 22:17:29,041 - INFO -   Optimizing Gradient Boosting...
2025-06-09 22:18:00,250 - INFO -     ✓ CV F1: 0.6799
2025-06-09 22:18:00,251 - INFO -     ✓ Val F1: 0.6478
2025-06-09 22:18:00,251 - INFO -     ✓ Time: 0.5min
2025-06-09 22:18:09,393 - INFO -   Optimizing Extra Trees...
2025-06-09 22:18:20,277 - INFO -     ✓ CV F1: 0.6860
2025-06-09 22:18:20,278 - INFO -     ✓ Val F1: 0.6827
2025-06-09 22:18:20,278 - INFO -     ✓ Time: 0.2min
2025-06-09 22:18:41,358 - INFO -   Optimizing Logistic Regression...
2025-06-09 22:18:42,002 - INFO -     ✓ CV F1: 0.6980
2025-06-09 22:18:42,002 - INFO -     ✓ Val F1: 0.6793
2025-06-09 22:18:42,002 - INFO -     ✓ Time: 0.0min
2025-06-09 22:18:56,226 - INFO - Evaluating all optimized models...
2025-06-09 22:18:56,227 - INFO - Test Set Evaluation:
2025-06-09 22:18:56,227 - INFO - --------------------------------------------------------------------------------
2025-06-09 22:18:56,227 - INFO - Model                     Test F1    Test Acc   Improvement 
2025-06-09 22:18:56,227 - INFO - --------------------------------------------------------------------------------
2025-06-09 22:18:56,254 - INFO - RF_randomized_search      0.6679     0.7067        +0.0172
2025-06-09 22:18:56,262 - INFO - RF_optuna                 0.6789     0.6800        +0.0282
2025-06-09 22:18:56,267 - INFO - Gradient Boosting         0.6571     0.7200        +0.0064
2025-06-09 22:18:56,313 - INFO - Extra Trees               0.6314     0.6867        -0.0193
2025-06-09 22:18:56,316 - INFO - Logistic Regression       0.6783     0.6933        +0.0276
2025-06-09 22:18:56,316 - INFO - --------------------------------------------------------------------------------
2025-06-09 22:18:56,316 - INFO - 
BEST MODEL: RF_optuna
2025-06-09 22:18:56,316 - INFO -   Test F1-Score: 0.6789
2025-06-09 22:18:56,316 - INFO -   Test Accuracy: 0.6800
2025-06-09 22:18:56,317 - INFO -   Test Precision: 0.5971
2025-06-09 22:18:56,317 - INFO -   Test Recall: 0.7868
2025-06-09 22:18:56,317 - INFO -   Improvement over baseline: +0.0282
2025-06-09 22:18:56,317 - INFO - Saving best model...
2025-06-09 22:18:56,325 - INFO - Model saved: MLProject/output/models/best_loan_model_20250609_221856.pkl
2025-06-09 22:18:56,326 - INFO - Model info saved: MLProject/output/models/model_info_20250609_221856.txt
2025-06-09 22:19:18,220 - INFO - ======================================================================
2025-06-09 22:19:18,221 - INFO - MODEL OPTIMIZATION COMPLETED SUCCESSFULLY!
2025-06-09 22:19:18,221 - INFO - ======================================================================
2025-06-09 22:19:18,221 - INFO - OPTIMIZATION SUMMARY:
2025-06-09 22:19:18,221 - INFO -   Baseline F1-Score: 0.6507
2025-06-09 22:19:18,221 - INFO -   Best F1-Score: 0.6789
2025-06-09 22:19:18,221 - INFO -   Total Improvement: +0.0282
2025-06-09 22:19:18,221 - INFO -   Best Model: RF_optuna
2025-06-09 22:19:18,221 - INFO - 
TARGET ACHIEVEMENT:
2025-06-09 22:19:18,221 - INFO -   Target: +0.025 F1-Score improvement
2025-06-09 22:19:18,221 - INFO -   Achieved: +0.0282
2025-06-09 22:19:18,221 - INFO -   Status: ✅ TARGET MET!
