2025-06-10 17:58:11,050 - INFO - Starting robust model optimization with business validation...
2025-06-10 17:58:11,050 - INFO - Business constraints:
2025-06-10 17:58:11,050 - INFO -   Target approval rate: 60.0%
2025-06-10 17:58:11,050 - INFO -   Min approval rate: 30.0%
2025-06-10 17:58:11,050 - INFO -   Max approval rate: 80.0%
2025-06-10 17:58:11,050 - INFO - Loading and validating data...
2025-06-10 17:58:11,062 - INFO - CLASS BALANCE ANALYSIS:
2025-06-10 17:58:11,062 - INFO -   Training approval rate: 0.430 (1031/2400)
2025-06-10 17:58:11,062 - INFO -   Test approval rate: 0.430 (258/600)
2025-06-10 17:58:11,062 - INFO - OPTIMAL CLASS WEIGHTS (targeting 60.0% approval):
2025-06-10 17:58:11,062 - INFO -   Class 0 (Reject): 1.000
2025-06-10 17:58:11,062 - INFO -   Class 1 (Approve): 0.667
2025-06-10 17:58:11,066 - INFO - Data loaded successfully:
2025-06-10 17:58:11,066 - INFO -   Training: 2400 samples, 17 features
2025-06-10 17:58:11,066 - INFO -   Testing: 600 samples
2025-06-10 17:58:11,066 - INFO -   Optimization split: 1920 train, 480 validation
2025-06-10 17:58:11,066 - INFO - Calculating baseline performance...
2025-06-10 17:58:11,066 - INFO -   Testing Default RF...
2025-06-10 17:58:12,137 - INFO - Business logic validation for Default RF...
2025-06-10 17:58:12,150 - INFO -   Default RF passes business logic validation
2025-06-10 17:58:12,150 - INFO -      Approval rate: 42.9%
2025-06-10 17:58:12,150 - INFO -     F1: 0.6507, Acc: 0.7083, CV: 0.6584
2025-06-10 17:58:12,150 - INFO -     Approval Rate: 42.9%
2025-06-10 17:58:12,150 - INFO -     Business Logic: PASS
2025-06-10 17:58:12,150 - INFO -   Testing Balanced RF...
2025-06-10 17:58:13,187 - INFO - Business logic validation for Balanced RF...
2025-06-10 17:58:13,200 - INFO -   Balanced RF passes business logic validation
2025-06-10 17:58:13,201 - INFO -      Approval rate: 42.9%
2025-06-10 17:58:13,201 - INFO -     F1: 0.6450, Acc: 0.7083, CV: 0.6646
2025-06-10 17:58:13,201 - INFO -     Approval Rate: 42.9%
2025-06-10 17:58:13,201 - INFO -     Business Logic: PASS
2025-06-10 17:58:13,201 - INFO -   Testing Optimal Weight RF...
2025-06-10 17:58:14,260 - INFO - Business logic validation for Optimal Weight RF...
2025-06-10 17:58:14,274 - INFO -   Optimal Weight RF passes business logic validation
2025-06-10 17:58:14,275 - INFO -      Approval rate: 42.9%
2025-06-10 17:58:14,275 - INFO -     F1: 0.6316, Acc: 0.6967, CV: 0.6728
2025-06-10 17:58:14,275 - INFO -     Approval Rate: 42.9%
2025-06-10 17:58:14,275 - INFO -     Business Logic: PASS
2025-06-10 17:58:14,275 - INFO - Selected Baseline: Default RF
2025-06-10 17:58:14,275 - INFO -   Test F1-Score: 0.6507
2025-06-10 17:58:14,275 - INFO -   Test Accuracy: 0.7083
2025-06-10 17:58:14,275 - INFO -   CV F1-Score: 0.6584
2025-06-10 17:58:14,275 - INFO -   Class Weight: None
2025-06-10 17:58:14,581 - INFO - Starting Random Forest optimization with business constraints...
2025-06-10 17:58:14,581 - INFO -   Strategy 1: Conservative Randomized Search...
2025-06-10 17:59:07,287 - INFO - Business logic validation for RF_RandomizedSearch...
2025-06-10 17:59:07,300 - INFO -   RF_RandomizedSearch passes business logic validation
2025-06-10 17:59:07,301 - INFO -      Approval rate: 45.6%
2025-06-10 17:59:07,301 - INFO -     Best CV F1: 0.6989
2025-06-10 17:59:07,301 - INFO -     Validation F1: 0.6682
2025-06-10 17:59:07,301 - INFO -     Approval Rate: 45.6%
2025-06-10 17:59:11,167 - INFO -   Strategy 2: Business-Constrained Optuna Optimization...
2025-06-10 18:01:25,339 - INFO - Business logic validation for RF_Optuna...
2025-06-10 18:01:25,356 - INFO -   RF_Optuna passes business logic validation
2025-06-10 18:01:25,356 - INFO -      Approval rate: 46.5%
2025-06-10 18:01:25,356 - INFO -     Best CV F1: 0.6974
2025-06-10 18:01:25,356 - INFO -     Validation F1: 0.6620
2025-06-10 18:01:25,356 - INFO -     Approval Rate: 46.5%
2025-06-10 18:01:28,297 - INFO - Starting multi-model optimization with business constraints...
2025-06-10 18:01:28,297 - INFO -   Optimizing Gradient Boosting...
2025-06-10 18:02:05,679 - INFO - Business logic validation for Gradient Boosting...
2025-06-10 18:02:05,684 - INFO -   Gradient Boosting passes business logic validation
2025-06-10 18:02:05,684 - INFO -      Approval rate: 44.0%
2025-06-10 18:02:05,684 - INFO -     CV F1: 0.6424
2025-06-10 18:02:05,684 - INFO -     Val F1: 0.6283
2025-06-10 18:02:05,684 - INFO -     Approval Rate: 44.0%
2025-06-10 18:02:08,110 - INFO -   Optimizing Extra Trees...
2025-06-10 18:02:21,026 - INFO - Business logic validation for Extra Trees...
2025-06-10 18:02:21,057 - INFO -   Extra Trees passes business logic validation
2025-06-10 18:02:21,057 - INFO -      Approval rate: 45.2%
2025-06-10 18:02:21,057 - INFO -     CV F1: 0.6789
2025-06-10 18:02:21,057 - INFO -     Val F1: 0.6809
2025-06-10 18:02:21,058 - INFO -     Approval Rate: 45.2%
2025-06-10 18:02:23,602 - INFO -   Optimizing Logistic Regression...
2025-06-10 18:02:24,317 - INFO - Business logic validation for Logistic Regression...
2025-06-10 18:02:24,320 - INFO -   Logistic Regression passes business logic validation
2025-06-10 18:02:24,320 - INFO -      Approval rate: 47.1%
2025-06-10 18:02:24,320 - INFO -     CV F1: 0.6598
2025-06-10 18:02:24,320 - INFO -     Val F1: 0.6713
2025-06-10 18:02:24,320 - INFO -     Approval Rate: 47.1%
2025-06-10 18:02:27,866 - INFO - Evaluating all optimized models with business validation...
2025-06-10 18:02:27,868 - INFO - Test Set Evaluation (Business-Valid Models Only):
2025-06-10 18:02:27,868 - INFO - ------------------------------------------------------------------------------------------
2025-06-10 18:02:27,868 - INFO - Model                     Test F1    Test Acc   Approval%  Improvement 
2025-06-10 18:02:27,868 - INFO - ------------------------------------------------------------------------------------------
2025-06-10 18:02:27,880 - INFO - Business logic validation for RF_randomized_search_test...
2025-06-10 18:02:27,892 - INFO -   RF_randomized_search_test passes business logic validation
2025-06-10 18:02:27,892 - INFO -      Approval rate: 44.5%
2025-06-10 18:02:27,892 - INFO - RF_randomized_search      0.6629     0.7050     44.5%        +0.0122
2025-06-10 18:02:27,903 - INFO - Business logic validation for RF_optuna_test...
2025-06-10 18:02:27,919 - INFO -   RF_optuna_test passes business logic validation
2025-06-10 18:02:27,919 - INFO -      Approval rate: 45.3%
2025-06-10 18:02:27,919 - INFO - RF_optuna                 0.6755     0.7133     45.3%        +0.0248
2025-06-10 18:02:27,929 - INFO - Business logic validation for Gradient Boosting_test...
2025-06-10 18:02:27,934 - INFO -   Gradient Boosting_test passes business logic validation
2025-06-10 18:02:27,934 - INFO -      Approval rate: 40.5%
2025-06-10 18:02:27,934 - INFO - Gradient Boosting         0.6148     0.6783     40.5%        -0.0359
2025-06-10 18:02:27,952 - INFO - Business logic validation for Extra Trees_test...
2025-06-10 18:02:27,979 - INFO -   Extra Trees_test passes business logic validation
2025-06-10 18:02:27,979 - INFO -      Approval rate: 43.8%
2025-06-10 18:02:27,979 - INFO - Extra Trees               0.6296     0.6783     43.8%        -0.0211
2025-06-10 18:02:27,993 - INFO - Business logic validation for Logistic Regression_test...
2025-06-10 18:02:27,994 - INFO -   Logistic Regression_test passes business logic validation
2025-06-10 18:02:27,994 - INFO -      Approval rate: 46.0%
2025-06-10 18:02:27,994 - INFO - Logistic Regression       0.6292     0.6700     46.0%        -0.0215
2025-06-10 18:02:27,994 - INFO - ------------------------------------------------------------------------------------------
2025-06-10 18:02:27,994 - INFO - 
BEST BUSINESS-VALID MODEL: RF_optuna
2025-06-10 18:02:27,994 - INFO -   Test F1-Score: 0.6755
2025-06-10 18:02:27,994 - INFO -   Test Accuracy: 0.7133
2025-06-10 18:02:27,994 - INFO -   Test Precision: 0.6581
2025-06-10 18:02:27,994 - INFO -   Test Recall: 0.6938
2025-06-10 18:02:27,994 - INFO -   Test Approval Rate: 45.3%
2025-06-10 18:02:27,994 - INFO -   Improvement over baseline: +0.0248
2025-06-10 18:02:27,994 - INFO - Saving best model with business validation metadata...
2025-06-10 18:02:28,131 - INFO - Model saved: MLProject/output/models/best_model.pkl
2025-06-10 18:02:28,131 - INFO - Model info saved: MLProject/output/models/model_info_20250610_180227.txt
2025-06-10 18:02:30,132 - INFO - ======================================================================
2025-06-10 18:02:30,132 - INFO - ROBUST MODEL OPTIMIZATION COMPLETED SUCCESSFULLY!
2025-06-10 18:02:30,132 - INFO - ======================================================================
2025-06-10 18:02:30,132 - INFO - OPTIMIZATION SUMMARY:
2025-06-10 18:02:30,132 - INFO -   Baseline F1-Score: 0.6507
2025-06-10 18:02:30,132 - INFO -   Baseline Approval Rate: 42.9%
2025-06-10 18:02:30,132 - INFO -   Best F1-Score: 0.6755
2025-06-10 18:02:30,132 - INFO -   Best Approval Rate: 45.3%
2025-06-10 18:02:30,132 - INFO -   Total Improvement: +0.0248
2025-06-10 18:02:30,132 - INFO -   Best Model: RF_optuna
2025-06-10 18:02:30,132 - INFO - 
VALIDATION RESULTS:
2025-06-10 18:02:30,132 - INFO -   F1 Target (+0.025): NOT MET (+0.0248)
2025-06-10 18:02:30,132 - INFO -   Business Logic: VALID
2025-06-10 18:02:30,132 - INFO -   Approval Rate: HEALTHY (45.3%)
2025-06-10 18:02:30,133 - INFO - 
BUSINESS VALIDATION PASSED
2025-06-10 18:02:30,133 - INFO -    Model safe for production despite F1 target not fully met
