2025-06-10 18:09:09,476 - INFO - Starting robust model optimization with business validation...
2025-06-10 18:09:09,476 - INFO - Business constraints:
2025-06-10 18:09:09,476 - INFO -   Target approval rate: 60.0%
2025-06-10 18:09:09,476 - INFO -   Min approval rate: 30.0%
2025-06-10 18:09:09,476 - INFO -   Max approval rate: 80.0%
2025-06-10 18:09:09,476 - INFO - Loading and validating data...
2025-06-10 18:09:09,485 - INFO - CLASS BALANCE ANALYSIS:
2025-06-10 18:09:09,486 - INFO -   Training approval rate: 0.430 (1031/2400)
2025-06-10 18:09:09,486 - INFO -   Test approval rate: 0.430 (258/600)
2025-06-10 18:09:09,486 - INFO - OPTIMAL CLASS WEIGHTS (targeting 60.0% approval):
2025-06-10 18:09:09,486 - INFO -   Class 0 (Reject): 1.000
2025-06-10 18:09:09,486 - INFO -   Class 1 (Approve): 0.667
2025-06-10 18:09:09,490 - INFO - Data loaded successfully:
2025-06-10 18:09:09,490 - INFO -   Training: 2400 samples, 17 features
2025-06-10 18:09:09,490 - INFO -   Testing: 600 samples
2025-06-10 18:09:09,490 - INFO -   Optimization split: 1920 train, 480 validation
2025-06-10 18:09:09,490 - INFO - Calculating baseline performance...
2025-06-10 18:09:09,490 - INFO -   Testing Default RF...
2025-06-10 18:09:10,539 - INFO - Business logic validation for Default RF...
2025-06-10 18:09:10,553 - INFO -   Default RF passes business logic validation
2025-06-10 18:09:10,553 - INFO -      Approval rate: 42.9%
2025-06-10 18:09:10,553 - INFO -     F1: 0.6507, Acc: 0.7083, CV: 0.6584
2025-06-10 18:09:10,553 - INFO -     Approval Rate: 42.9%
2025-06-10 18:09:10,553 - INFO -     Business Logic: PASS
2025-06-10 18:09:10,553 - INFO -   Testing Balanced RF...
2025-06-10 18:09:11,638 - INFO - Business logic validation for Balanced RF...
2025-06-10 18:09:11,651 - INFO -   Balanced RF passes business logic validation
2025-06-10 18:09:11,651 - INFO -      Approval rate: 42.9%
2025-06-10 18:09:11,651 - INFO -     F1: 0.6450, Acc: 0.7083, CV: 0.6646
2025-06-10 18:09:11,651 - INFO -     Approval Rate: 42.9%
2025-06-10 18:09:11,651 - INFO -     Business Logic: PASS
2025-06-10 18:09:11,651 - INFO -   Testing Optimal Weight RF...
2025-06-10 18:09:12,697 - INFO - Business logic validation for Optimal Weight RF...
2025-06-10 18:09:12,711 - INFO -   Optimal Weight RF passes business logic validation
2025-06-10 18:09:12,711 - INFO -      Approval rate: 42.9%
2025-06-10 18:09:12,712 - INFO -     F1: 0.6316, Acc: 0.6967, CV: 0.6728
2025-06-10 18:09:12,712 - INFO -     Approval Rate: 42.9%
2025-06-10 18:09:12,712 - INFO -     Business Logic: PASS
2025-06-10 18:09:12,712 - INFO - Selected Baseline: Default RF
2025-06-10 18:09:12,712 - INFO -   Test F1-Score: 0.6507
2025-06-10 18:09:12,712 - INFO -   Test Accuracy: 0.7083
2025-06-10 18:09:12,712 - INFO -   CV F1-Score: 0.6584
2025-06-10 18:09:12,712 - INFO -   Class Weight: None
2025-06-10 18:09:20,144 - INFO - Starting Random Forest optimization with business constraints...
2025-06-10 18:09:20,145 - INFO -   Strategy 1: Conservative Randomized Search...
2025-06-10 18:10:10,677 - INFO - Business logic validation for RF_RandomizedSearch...
2025-06-10 18:10:10,689 - INFO -   RF_RandomizedSearch passes business logic validation
2025-06-10 18:10:10,689 - INFO -      Approval rate: 45.6%
2025-06-10 18:10:10,689 - INFO -     Best CV F1: 0.6989
2025-06-10 18:10:10,690 - INFO -     Validation F1: 0.6682
2025-06-10 18:10:10,690 - INFO -     Approval Rate: 45.6%
2025-06-10 18:10:23,505 - INFO -   Strategy 2: Business-Constrained Optuna Optimization...
2025-06-10 18:12:26,783 - INFO - Business logic validation for RF_Optuna...
2025-06-10 18:12:26,797 - INFO -   RF_Optuna passes business logic validation
2025-06-10 18:12:26,797 - INFO -      Approval rate: 47.5%
2025-06-10 18:12:26,797 - INFO -     Best CV F1: 0.6994
2025-06-10 18:12:26,797 - INFO -     Validation F1: 0.6636
2025-06-10 18:12:26,797 - INFO -     Approval Rate: 47.5%
2025-06-10 18:12:39,758 - INFO - Starting multi-model optimization with business constraints...
2025-06-10 18:12:39,759 - INFO -   Optimizing Gradient Boosting...
2025-06-10 18:13:17,954 - INFO - Business logic validation for Gradient Boosting...
2025-06-10 18:13:17,959 - INFO -   Gradient Boosting passes business logic validation
2025-06-10 18:13:17,959 - INFO -      Approval rate: 44.0%
2025-06-10 18:13:17,959 - INFO -     CV F1: 0.6424
2025-06-10 18:13:17,959 - INFO -     Val F1: 0.6283
2025-06-10 18:13:17,959 - INFO -     Approval Rate: 44.0%
2025-06-10 18:13:28,249 - INFO -   Optimizing Extra Trees...
2025-06-10 18:13:41,040 - INFO - Business logic validation for Extra Trees...
2025-06-10 18:13:41,067 - INFO -   Extra Trees passes business logic validation
2025-06-10 18:13:41,067 - INFO -      Approval rate: 45.2%
2025-06-10 18:13:41,067 - INFO -     CV F1: 0.6789
2025-06-10 18:13:41,067 - INFO -     Val F1: 0.6809
2025-06-10 18:13:41,067 - INFO -     Approval Rate: 45.2%
2025-06-10 18:14:04,161 - INFO -   Optimizing Logistic Regression...
2025-06-10 18:14:04,938 - INFO - Business logic validation for Logistic Regression...
2025-06-10 18:14:04,938 - INFO -   Logistic Regression passes business logic validation
2025-06-10 18:14:04,938 - INFO -      Approval rate: 47.1%
2025-06-10 18:14:04,938 - INFO -     CV F1: 0.6598
2025-06-10 18:14:04,938 - INFO -     Val F1: 0.6713
2025-06-10 18:14:04,938 - INFO -     Approval Rate: 47.1%
2025-06-10 18:14:19,874 - INFO - Evaluating all optimized models with business validation...
2025-06-10 18:14:19,874 - INFO - Test Set Evaluation (Business-Valid Models Only):
2025-06-10 18:14:19,874 - INFO - ------------------------------------------------------------------------------------------
2025-06-10 18:14:19,874 - INFO - Model                     Test F1    Test Acc   Approval%  Improvement 
2025-06-10 18:14:19,874 - INFO - ------------------------------------------------------------------------------------------
2025-06-10 18:14:19,899 - INFO - Business logic validation for RF_randomized_search_test...
2025-06-10 18:14:19,915 - INFO -   RF_randomized_search_test passes business logic validation
2025-06-10 18:14:19,915 - INFO -      Approval rate: 44.5%
2025-06-10 18:14:19,915 - INFO - RF_randomized_search      0.6629     0.7050     44.5%        +0.0122
2025-06-10 18:14:19,926 - INFO - Business logic validation for RF_optuna_test...
2025-06-10 18:14:19,939 - INFO -   RF_optuna_test passes business logic validation
2025-06-10 18:14:19,940 - INFO -      Approval rate: 46.0%
2025-06-10 18:14:19,940 - INFO - RF_optuna                 0.6816     0.7167     46.0%        +0.0309
2025-06-10 18:14:19,945 - INFO - Business logic validation for Gradient Boosting_test...
2025-06-10 18:14:19,950 - INFO -   Gradient Boosting_test passes business logic validation
2025-06-10 18:14:19,950 - INFO -      Approval rate: 40.5%
2025-06-10 18:14:19,950 - INFO - Gradient Boosting         0.6148     0.6783     40.5%        -0.0359
2025-06-10 18:14:19,969 - INFO - Business logic validation for Extra Trees_test...
2025-06-10 18:14:19,995 - INFO -   Extra Trees_test passes business logic validation
2025-06-10 18:14:19,995 - INFO -      Approval rate: 43.8%
2025-06-10 18:14:19,995 - INFO - Extra Trees               0.6296     0.6783     43.8%        -0.0211
2025-06-10 18:14:20,001 - INFO - Business logic validation for Logistic Regression_test...
2025-06-10 18:14:20,002 - INFO -   Logistic Regression_test passes business logic validation
2025-06-10 18:14:20,002 - INFO -      Approval rate: 46.0%
2025-06-10 18:14:20,002 - INFO - Logistic Regression       0.6292     0.6700     46.0%        -0.0215
2025-06-10 18:14:20,002 - INFO - ------------------------------------------------------------------------------------------
2025-06-10 18:14:20,002 - INFO - 
BEST BUSINESS-VALID MODEL: RF_optuna
2025-06-10 18:14:20,002 - INFO -   Test F1-Score: 0.6816
2025-06-10 18:14:20,002 - INFO -   Test Accuracy: 0.7167
2025-06-10 18:14:20,002 - INFO -   Test Precision: 0.6594
2025-06-10 18:14:20,002 - INFO -   Test Recall: 0.7054
2025-06-10 18:14:20,002 - INFO -   Test Approval Rate: 46.0%
2025-06-10 18:14:20,002 - INFO -   Improvement over baseline: +0.0309
2025-06-10 18:14:20,002 - INFO - Saving best model with business validation metadata...
2025-06-10 18:14:20,035 - INFO - Model saved: MLProject/output/models/best_model.pkl
2025-06-10 18:14:20,036 - INFO - Model info saved: MLProject/output/models/model_info_20250610_181420.txt
2025-06-10 18:14:44,850 - INFO - ======================================================================
2025-06-10 18:14:44,851 - INFO - ROBUST MODEL OPTIMIZATION COMPLETED SUCCESSFULLY!
2025-06-10 18:14:44,851 - INFO - ======================================================================
2025-06-10 18:14:44,851 - INFO - OPTIMIZATION SUMMARY:
2025-06-10 18:14:44,851 - INFO -   Baseline F1-Score: 0.6507
2025-06-10 18:14:44,851 - INFO -   Baseline Approval Rate: 42.9%
2025-06-10 18:14:44,851 - INFO -   Best F1-Score: 0.6816
2025-06-10 18:14:44,851 - INFO -   Best Approval Rate: 46.0%
2025-06-10 18:14:44,852 - INFO -   Total Improvement: +0.0309
2025-06-10 18:14:44,852 - INFO -   Best Model: RF_optuna
2025-06-10 18:14:44,852 - INFO - 
VALIDATION RESULTS:
2025-06-10 18:14:44,852 - INFO -   F1 Target (+0.025): ACHIEVED (+0.0309)
2025-06-10 18:14:44,852 - INFO -   Business Logic: VALID
2025-06-10 18:14:44,852 - INFO -   Approval Rate: HEALTHY (46.0%)
2025-06-10 18:14:44,852 - INFO - 
OPTIMIZATION FULLY SUCCESSFUL!
2025-06-10 18:14:44,852 - INFO -    Model ready for production deployment
